The target system is: Generic -  - 
The host system is: Linux - 5.10.110-rockchip-rk3588 - aarch64
Compiling the C compiler identification source file "CMakeCCompilerId.c" succeeded.
Compiler: /home/lagoria/.espressif/tools/xtensa-esp32s3-elf/esp-2022r1-11.2.0/xtensa-esp32s3-elf/bin/xtensa-esp32s3-elf-gcc 
Build flags: -mlongcalls;
Id flags:  

The output was:
0


Compilation of the C compiler identification source "CMakeCCompilerId.c" produced "a.out"

The C compiler identification is GNU, found in "/home/lagoria/workspace/esp/project/esp32s3/master/build/bootloader/CMakeFiles/3.22.1/CompilerIdC/a.out"

Compiling the CXX compiler identification source file "CMakeCXXCompilerId.cpp" succeeded.
Compiler: /home/lagoria/.espressif/tools/xtensa-esp32s3-elf/esp-2022r1-11.2.0/xtensa-esp32s3-elf/bin/xtensa-esp32s3-elf-g++ 
Build flags: -mlongcalls;
Id flags:  

The output was:
0


Compilation of the CXX compiler identification source "CMakeCXXCompilerId.cpp" produced "a.out"

The CXX compiler identification is GNU, found in "/home/lagoria/workspace/esp/project/esp32s3/master/build/bootloader/CMakeFiles/3.22.1/CompilerIdCXX/a.out"

Checking whether the ASM compiler is GNU using "--version" matched "(GNU assembler)|(GCC)|(Free Software Foundation)":
xtensa-esp32s3-elf-gcc (crosstool-NG esp-2022r1) 11.2.0
Copyright (C) 2021 Free Software Foundation, Inc.
This is free software; see the source for copying conditions.  There is NO
warranty; not even for MERCHANTABILITY or FITNESS FOR A PARTICULAR PURPOSE.

Detecting C compiler ABI info compiled with the following output:
Change Dir: /home/lagoria/workspace/esp/project/esp32s3/master/build/bootloader/CMakeFiles/CMakeTmp

Run Build Command(s):/usr/bin/ninja cmTC_01c4b && [1/2] Building C object CMakeFiles/cmTC_01c4b.dir/CMakeCCompilerABI.c.obj
Using built-in specs.
COLLECT_GCC=/home/lagoria/.espressif/tools/xtensa-esp32s3-elf/esp-2022r1-11.2.0/xtensa-esp32s3-elf/bin/xtensa-esp32s3-elf-gcc
Target: xtensa-esp32s3-elf
Configured with: /builds/idf/crosstool-NG/.build/HOST-aarch64-linux-gnu/xtensa-esp32s3-elf/src/gcc/configure --build=x86_64-build_pc-linux-gnu --host=aarch64-host_unknown-linux-gnu --target=xtensa-esp32s3-elf --prefix=/builds/idf/crosstool-NG/builds/xtensa-esp32s3-elf --exec_prefix=/builds/idf/crosstool-NG/builds/xtensa-esp32s3-elf --with-local-prefix=/builds/idf/crosstool-NG/builds/xtensa-esp32s3-elf/xtensa-esp32s3-elf --with-headers=/builds/idf/crosstool-NG/builds/xtensa-esp32s3-elf/xtensa-esp32s3-elf/include --with-newlib --enable-threads=no --disable-shared --with-pkgversion='crosstool-NG esp-2022r1' --disable-__cxa_atexit --enable-cxx-flags=-ffunction-sections --disable-libgomp --disable-libmudflap --disable-libmpx --disable-libssp --disable-libquadmath --disable-libquadmath-support --disable-libstdcxx-verbose --with-gmp=/builds/idf/crosstool-NG/.build/HOST-aarch64-linux-gnu/xtensa-esp32s3-elf/buildtools/complibs-host --with-mpfr=/builds/idf/crosstool-NG/.build/HOST-aarch64-linux-gnu/xtensa-esp32s3-elf/buildtools/complibs-host --with-mpc=/builds/idf/crosstool-NG/.build/HOST-aarch64-linux-gnu/xtensa-esp32s3-elf/buildtools/complibs-host --with-isl=/builds/idf/crosstool-NG/.build/HOST-aarch64-linux-gnu/xtensa-esp32s3-elf/buildtools/complibs-host --enable-lto --enable-target-optspace --without-long-double-128 --disable-nls --enable-multiarch --enable-languages=c,c++ --disable-libstdcxx-verbose --enable-threads=posix --enable-gcov-custom-rtio --enable-libstdcxx-time=yes
Thread model: posix
Supported LTO compression algorithms: zlib
gcc version 11.2.0 (crosstool-NG esp-2022r1) 
COLLECT_GCC_OPTIONS='-mlongcalls' '-v' '-o' 'CMakeFiles/cmTC_01c4b.dir/CMakeCCompilerABI.c.obj' '-c' '-dumpdir' 'CMakeFiles/cmTC_01c4b.dir/'
 /home/lagoria/.espressif/tools/xtensa-esp32s3-elf/esp-2022r1-11.2.0/xtensa-esp32s3-elf/bin/../libexec/gcc/xtensa-esp32s3-elf/11.2.0/cc1 -quiet -v -iprefix /home/lagoria/.espressif/tools/xtensa-esp32s3-elf/esp-2022r1-11.2.0/xtensa-esp32s3-elf/bin/../lib/gcc/xtensa-esp32s3-elf/11.2.0/ /usr/share/cmake-3.22/Modules/CMakeCCompilerABI.c -quiet -dumpdir CMakeFiles/cmTC_01c4b.dir/ -dumpbase CMakeCCompilerABI.c.c -dumpbase-ext .c -mlongcalls -version -o /tmp/ccrIwEhl.s
GNU C17 (crosstool-NG esp-2022r1) version 11.2.0 (xtensa-esp32s3-elf)
	compiled by GNU C version 6.3.0 20170516, GMP version 6.2.1, MPFR version 4.1.0, MPC version 1.2.1, isl version isl-0.24-GMP

GGC heuristics: --param ggc-min-expand=100 --param ggc-min-heapsize=131072
ignoring duplicate directory "/home/lagoria/.espressif/tools/xtensa-esp32s3-elf/esp-2022r1-11.2.0/xtensa-esp32s3-elf/bin/../lib/gcc/../../lib/gcc/xtensa-esp32s3-elf/11.2.0/include"
ignoring duplicate directory "/home/lagoria/.espressif/tools/xtensa-esp32s3-elf/esp-2022r1-11.2.0/xtensa-esp32s3-elf/bin/../lib/gcc/../../lib/gcc/xtensa-esp32s3-elf/11.2.0/include-fixed"
ignoring duplicate directory "/home/lagoria/.espressif/tools/xtensa-esp32s3-elf/esp-2022r1-11.2.0/xtensa-esp32s3-elf/bin/../lib/gcc/../../lib/gcc/xtensa-esp32s3-elf/11.2.0/../../../../xtensa-esp32s3-elf/sys-include"
ignoring duplicate directory "/home/lagoria/.espressif/tools/xtensa-esp32s3-elf/esp-2022r1-11.2.0/xtensa-esp32s3-elf/bin/../lib/gcc/../../lib/gcc/xtensa-esp32s3-elf/11.2.0/../../../../xtensa-esp32s3-elf/include"
#include "..." search starts here:
#include <...> search starts here:
 /home/lagoria/.espressif/tools/xtensa-esp32s3-elf/esp-2022r1-11.2.0/xtensa-esp32s3-elf/bin/../lib/gcc/xtensa-esp32s3-elf/11.2.0/include
 /home/lagoria/.espressif/tools/xtensa-esp32s3-elf/esp-2022r1-11.2.0/xtensa-esp32s3-elf/bin/../lib/gcc/xtensa-esp32s3-elf/11.2.0/include-fixed
 /home/lagoria/.espressif/tools/xtensa-esp32s3-elf/esp-2022r1-11.2.0/xtensa-esp32s3-elf/bin/../lib/gcc/xtensa-esp32s3-elf/11.2.0/../../../../xtensa-esp32s3-elf/sys-include
 /home/lagoria/.espressif/tools/xtensa-esp32s3-elf/esp-2022r1-11.2.0/xtensa-esp32s3-elf/bin/../lib/gcc/xtensa-esp32s3-elf/11.2.0/../../../../xtensa-esp32s3-elf/include
End of search list.
GNU C17 (crosstool-NG esp-2022r1) version 11.2.0 (xtensa-esp32s3-elf)
	compiled by GNU C version 6.3.0 20170516, GMP version 6.2.1, MPFR version 4.1.0, MPC version 1.2.1, isl version isl-0.24-GMP

GGC heuristics: --param ggc-min-expand=100 --param ggc-min-heapsize=131072
Compiler executable checksum: 7f6b7e055617a53fd21a23fffed2fb13
COLLECT_GCC_OPTIONS='-mlongcalls' '-v' '-o' 'CMakeFiles/cmTC_01c4b.dir/CMakeCCompilerABI.c.obj' '-c' '-dumpdir' 'CMakeFiles/cmTC_01c4b.dir/'
 /home/lagoria/.espressif/tools/xtensa-esp32s3-elf/esp-2022r1-11.2.0/xtensa-esp32s3-elf/bin/../lib/gcc/xtensa-esp32s3-elf/11.2.0/../../../../xtensa-esp32s3-elf/bin/as --traditional-format --longcalls -o CMakeFiles/cmTC_01c4b.dir/CMakeCCompilerABI.c.obj /tmp/ccrIwEhl.s
COMPILER_PATH=/home/lagoria/.espressif/tools/xtensa-esp32s3-elf/esp-2022r1-11.2.0/xtensa-esp32s3-elf/bin/../libexec/gcc/xtensa-esp32s3-elf/11.2.0/:/home/lagoria/.espressif/tools/xtensa-esp32s3-elf/esp-2022r1-11.2.0/xtensa-esp32s3-elf/bin/../libexec/gcc/:/home/lagoria/.espressif/tools/xtensa-esp32s3-elf/esp-2022r1-11.2.0/xtensa-esp32s3-elf/bin/../lib/gcc/xtensa-esp32s3-elf/11.2.0/../../../../xtensa-esp32s3-elf/bin/
LIBRARY_PATH=/home/lagoria/.espressif/tools/xtensa-esp32s3-elf/esp-2022r1-11.2.0/xtensa-esp32s3-elf/bin/../lib/gcc/xtensa-esp32s3-elf/11.2.0/:/home/lagoria/.espressif/tools/xtensa-esp32s3-elf/esp-2022r1-11.2.0/xtensa-esp32s3-elf/bin/../lib/gcc/:/home/lagoria/.espressif/tools/xtensa-esp32s3-elf/esp-2022r1-11.2.0/xtensa-esp32s3-elf/bin/../lib/gcc/xtensa-esp32s3-elf/11.2.0/../../../../xtensa-esp32s3-elf/lib/
COLLECT_GCC_OPTIONS='-mlongcalls' '-v' '-o' 'CMakeFiles/cmTC_01c4b.dir/CMakeCCompilerABI.c.obj' '-c' '-dumpdir' 'CMakeFiles/cmTC_01c4b.dir/CMakeCCompilerABI.c.'
[2/2] Linking C executable cmTC_01c4b
Using built-in specs.
COLLECT_GCC=/home/lagoria/.espressif/tools/xtensa-esp32s3-elf/esp-2022r1-11.2.0/xtensa-esp32s3-elf/bin/xtensa-esp32s3-elf-gcc
COLLECT_LTO_WRAPPER=/home/lagoria/.espressif/tools/xtensa-esp32s3-elf/esp-2022r1-11.2.0/xtensa-esp32s3-elf/bin/../libexec/gcc/xtensa-esp32s3-elf/11.2.0/lto-wrapper
Target: xtensa-esp32s3-elf
Configured with: /builds/idf/crosstool-NG/.build/HOST-aarch64-linux-gnu/xtensa-esp32s3-elf/src/gcc/configure --build=x86_64-build_pc-linux-gnu --host=aarch64-host_unknown-linux-gnu --target=xtensa-esp32s3-elf --prefix=/builds/idf/crosstool-NG/builds/xtensa-esp32s3-elf --exec_prefix=/builds/idf/crosstool-NG/builds/xtensa-esp32s3-elf --with-local-prefix=/builds/idf/crosstool-NG/builds/xtensa-esp32s3-elf/xtensa-esp32s3-elf --with-headers=/builds/idf/crosstool-NG/builds/xtensa-esp32s3-elf/xtensa-esp32s3-elf/include --with-newlib --enable-threads=no --disable-shared --with-pkgversion='crosstool-NG esp-2022r1' --disable-__cxa_atexit --enable-cxx-flags=-ffunction-sections --disable-libgomp --disable-libmudflap --disable-libmpx --disable-libssp --disable-libquadmath --disable-libquadmath-support --disable-libstdcxx-verbose --with-gmp=/builds/idf/crosstool-NG/.build/HOST-aarch64-linux-gnu/xtensa-esp32s3-elf/buildtools/complibs-host --with-mpfr=/builds/idf/crosstool-NG/.build/HOST-aarch64-linux-gnu/xtensa-esp32s3-elf/buildtools/complibs-host --with-mpc=/builds/idf/crosstool-NG/.build/HOST-aarch64-linux-gnu/xtensa-esp32s3-elf/buildtools/complibs-host --with-isl=/builds/idf/crosstool-NG/.build/HOST-aarch64-linux-gnu/xtensa-esp32s3-elf/buildtools/complibs-host --enable-lto --enable-target-optspace --without-long-double-128 --disable-nls --enable-multiarch --enable-languages=c,c++ --disable-libstdcxx-verbose --enable-threads=posix --enable-gcov-custom-rtio --enable-libstdcxx-time=yes
Thread model: posix
Supported LTO compression algorithms: zlib
gcc version 11.2.0 (crosstool-NG esp-2022r1) 
COMPILER_PATH=/home/lagoria/.espressif/tools/xtensa-esp32s3-elf/esp-2022r1-11.2.0/xtensa-esp32s3-elf/bin/../libexec/gcc/xtensa-esp32s3-elf/11.2.0/:/home/lagoria/.espressif/tools/xtensa-esp32s3-elf/esp-2022r1-11.2.0/xtensa-esp32s3-elf/bin/../libexec/gcc/:/home/lagoria/.espressif/tools/xtensa-esp32s3-elf/esp-2022r1-11.2.0/xtensa-esp32s3-elf/bin/../lib/gcc/xtensa-esp32s3-elf/11.2.0/../../../../xtensa-esp32s3-elf/bin/
LIBRARY_PATH=/home/lagoria/.espressif/tools/xtensa-esp32s3-elf/esp-2022r1-11.2.0/xtensa-esp32s3-elf/bin/../lib/gcc/xtensa-esp32s3-elf/11.2.0/:/home/lagoria/.espressif/tools/xtensa-esp32s3-elf/esp-2022r1-11.2.0/xtensa-esp32s3-elf/bin/../lib/gcc/:/home/lagoria/.espressif/tools/xtensa-esp32s3-elf/esp-2022r1-11.2.0/xtensa-esp32s3-elf/bin/../lib/gcc/xtensa-esp32s3-elf/11.2.0/../../../../xtensa-esp32s3-elf/lib/
COLLECT_GCC_OPTIONS='-mlongcalls' '-v' '-o' 'cmTC_01c4b' '-dumpdir' 'cmTC_01c4b.'
 /home/lagoria/.espressif/tools/xtensa-esp32s3-elf/esp-2022r1-11.2.0/xtensa-esp32s3-elf/bin/../libexec/gcc/xtensa-esp32s3-elf/11.2.0/collect2 -plugin /home/lagoria/.espressif/tools/xtensa-esp32s3-elf/esp-2022r1-11.2.0/xtensa-esp32s3-elf/bin/../libexec/gcc/xtensa-esp32s3-elf/11.2.0/liblto_plugin.so -plugin-opt=/home/lagoria/.espressif/tools/xtensa-esp32s3-elf/esp-2022r1-11.2.0/xtensa-esp32s3-elf/bin/../libexec/gcc/xtensa-esp32s3-elf/11.2.0/lto-wrapper -plugin-opt=-fresolution=/tmp/ccSXTp3h.res -plugin-opt=-pass-through=-lgcc -plugin-opt=-pass-through=-lc -plugin-opt=-pass-through=-lnosys -plugin-opt=-pass-through=-lc -plugin-opt=-pass-through=-lgcc -o cmTC_01c4b /home/lagoria/.espressif/tools/xtensa-esp32s3-elf/esp-2022r1-11.2.0/xtensa-esp32s3-elf/bin/../lib/gcc/xtensa-esp32s3-elf/11.2.0/../../../../xtensa-esp32s3-elf/lib/crt0.o /home/lagoria/.espressif/tools/xtensa-esp32s3-elf/esp-2022r1-11.2.0/xtensa-esp32s3-elf/bin/../lib/gcc/xtensa-esp32s3-elf/11.2.0/crti.o /home/lagoria/.espressif/tools/xtensa-esp32s3-elf/esp-2022r1-11.2.0/xtensa-esp32s3-elf/bin/../lib/gcc/xtensa-esp32s3-elf/11.2.0/crtbegin.o -L/home/lagoria/.espressif/tools/xtensa-esp32s3-elf/esp-2022r1-11.2.0/xtensa-esp32s3-elf/bin/../lib/gcc/xtensa-esp32s3-elf/11.2.0 -L/home/lagoria/.espressif/tools/xtensa-esp32s3-elf/esp-2022r1-11.2.0/xtensa-esp32s3-elf/bin/../lib/gcc -L/home/lagoria/.espressif/tools/xtensa-esp32s3-elf/esp-2022r1-11.2.0/xtensa-esp32s3-elf/bin/../lib/gcc/xtensa-esp32s3-elf/11.2.0/../../../../xtensa-esp32s3-elf/lib CMakeFiles/cmTC_01c4b.dir/CMakeCCompilerABI.c.obj -lgcc -lc -lnosys -lc -lgcc /home/lagoria/.espressif/tools/xtensa-esp32s3-elf/esp-2022r1-11.2.0/xtensa-esp32s3-elf/bin/../lib/gcc/xtensa-esp32s3-elf/11.2.0/crtend.o /home/lagoria/.espressif/tools/xtensa-esp32s3-elf/esp-2022r1-11.2.0/xtensa-esp32s3-elf/bin/../lib/gcc/xtensa-esp32s3-elf/11.2.0/crtn.o
COLLECT_GCC_OPTIONS='-mlongcalls' '-v' '-o' 'cmTC_01c4b' '-dumpdir' 'cmTC_01c4b.'



Parsed C implicit include dir info from above output: rv=done
  found start of include info
  found start of implicit include info
    add: [/home/lagoria/.espressif/tools/xtensa-esp32s3-elf/esp-2022r1-11.2.0/xtensa-esp32s3-elf/bin/../lib/gcc/xtensa-esp32s3-elf/11.2.0/include]
    add: [/home/lagoria/.espressif/tools/xtensa-esp32s3-elf/esp-2022r1-11.2.0/xtensa-esp32s3-elf/bin/../lib/gcc/xtensa-esp32s3-elf/11.2.0/include-fixed]
    add: [/home/lagoria/.espressif/tools/xtensa-esp32s3-elf/esp-2022r1-11.2.0/xtensa-esp32s3-elf/bin/../lib/gcc/xtensa-esp32s3-elf/11.2.0/../../../../xtensa-esp32s3-elf/sys-include]
    add: [/home/lagoria/.espressif/tools/xtensa-esp32s3-elf/esp-2022r1-11.2.0/xtensa-esp32s3-elf/bin/../lib/gcc/xtensa-esp32s3-elf/11.2.0/../../../../xtensa-esp32s3-elf/include]
  end of search list found
  collapse include dir [/home/lagoria/.espressif/tools/xtensa-esp32s3-elf/esp-2022r1-11.2.0/xtensa-esp32s3-elf/bin/../lib/gcc/xtensa-esp32s3-elf/11.2.0/include] ==> [/home/lagoria/.espressif/tools/xtensa-esp32s3-elf/esp-2022r1-11.2.0/xtensa-esp32s3-elf/lib/gcc/xtensa-esp32s3-elf/11.2.0/include]
  collapse include dir [/home/lagoria/.espressif/tools/xtensa-esp32s3-elf/esp-2022r1-11.2.0/xtensa-esp32s3-elf/bin/../lib/gcc/xtensa-esp32s3-elf/11.2.0/include-fixed] ==> [/home/lagoria/.espressif/tools/xtensa-esp32s3-elf/esp-2022r1-11.2.0/xtensa-esp32s3-elf/lib/gcc/xtensa-esp32s3-elf/11.2.0/include-fixed]
  collapse include dir [/home/lagoria/.espressif/tools/xtensa-esp32s3-elf/esp-2022r1-11.2.0/xtensa-esp32s3-elf/bin/../lib/gcc/xtensa-esp32s3-elf/11.2.0/../../../../xtensa-esp32s3-elf/sys-include] ==> [/home/lagoria/.espressif/tools/xtensa-esp32s3-elf/esp-2022r1-11.2.0/xtensa-esp32s3-elf/xtensa-esp32s3-elf/sys-include]
  collapse include dir [/home/lagoria/.espressif/tools/xtensa-esp32s3-elf/esp-2022r1-11.2.0/xtensa-esp32s3-elf/bin/../lib/gcc/xtensa-esp32s3-elf/11.2.0/../../../../xtensa-esp32s3-elf/include] ==> [/home/lagoria/.espressif/tools/xtensa-esp32s3-elf/esp-2022r1-11.2.0/xtensa-esp32s3-elf/xtensa-esp32s3-elf/include]
  implicit include dirs: [/home/lagoria/.espressif/tools/xtensa-esp32s3-elf/esp-2022r1-11.2.0/xtensa-esp32s3-elf/lib/gcc/xtensa-esp32s3-elf/11.2.0/include;/home/lagoria/.espressif/tools/xtensa-esp32s3-elf/esp-2022r1-11.2.0/xtensa-esp32s3-elf/lib/gcc/xtensa-esp32s3-elf/11.2.0/include-fixed;/home/lagoria/.espressif/tools/xtensa-esp32s3-elf/esp-2022r1-11.2.0/xtensa-esp32s3-elf/xtensa-esp32s3-elf/sys-include;/home/lagoria/.espressif/tools/xtensa-esp32s3-elf/esp-2022r1-11.2.0/xtensa-esp32s3-elf/xtensa-esp32s3-elf/include]


Parsed C implicit link information from above output:
  link line regex: [^( *|.*[/\])(xtensa-esp32s3-elf-ld|CMAKE_LINK_STARTFILE-NOTFOUND|([^/\]+-)?ld|collect2)[^/\]*( |$)]
  ignore line: [Change Dir: /home/lagoria/workspace/esp/project/esp32s3/master/build/bootloader/CMakeFiles/CMakeTmp]
  ignore line: []
  ignore line: [Run Build Command(s):/usr/bin/ninja cmTC_01c4b && [1/2] Building C object CMakeFiles/cmTC_01c4b.dir/CMakeCCompilerABI.c.obj]
  ignore line: [Using built-in specs.]
  ignore line: [COLLECT_GCC=/home/lagoria/.espressif/tools/xtensa-esp32s3-elf/esp-2022r1-11.2.0/xtensa-esp32s3-elf/bin/xtensa-esp32s3-elf-gcc]
  ignore line: [Target: xtensa-esp32s3-elf]
  ignore line: [Configured with: /builds/idf/crosstool-NG/.build/HOST-aarch64-linux-gnu/xtensa-esp32s3-elf/src/gcc/configure --build=x86_64-build_pc-linux-gnu --host=aarch64-host_unknown-linux-gnu --target=xtensa-esp32s3-elf --prefix=/builds/idf/crosstool-NG/builds/xtensa-esp32s3-elf --exec_prefix=/builds/idf/crosstool-NG/builds/xtensa-esp32s3-elf --with-local-prefix=/builds/idf/crosstool-NG/builds/xtensa-esp32s3-elf/xtensa-esp32s3-elf --with-headers=/builds/idf/crosstool-NG/builds/xtensa-esp32s3-elf/xtensa-esp32s3-elf/include --with-newlib --enable-threads=no --disable-shared --with-pkgversion='crosstool-NG esp-2022r1' --disable-__cxa_atexit --enable-cxx-flags=-ffunction-sections --disable-libgomp --disable-libmudflap --disable-libmpx --disable-libssp --disable-libquadmath --disable-libquadmath-support --disable-libstdcxx-verbose --with-gmp=/builds/idf/crosstool-NG/.build/HOST-aarch64-linux-gnu/xtensa-esp32s3-elf/buildtools/complibs-host --with-mpfr=/builds/idf/crosstool-NG/.build/HOST-aarch64-linux-gnu/xtensa-esp32s3-elf/buildtools/complibs-host --with-mpc=/builds/idf/crosstool-NG/.build/HOST-aarch64-linux-gnu/xtensa-esp32s3-elf/buildtools/complibs-host --with-isl=/builds/idf/crosstool-NG/.build/HOST-aarch64-linux-gnu/xtensa-esp32s3-elf/buildtools/complibs-host --enable-lto --enable-target-optspace --without-long-double-128 --disable-nls --enable-multiarch --enable-languages=c c++ --disable-libstdcxx-verbose --enable-threads=posix --enable-gcov-custom-rtio --enable-libstdcxx-time=yes]
  ignore line: [Thread model: posix]
  ignore line: [Supported LTO compression algorithms: zlib]
  ignore line: [gcc version 11.2.0 (crosstool-NG esp-2022r1) ]
  ignore line: [COLLECT_GCC_OPTIONS='-mlongcalls' '-v' '-o' 'CMakeFiles/cmTC_01c4b.dir/CMakeCCompilerABI.c.obj' '-c' '-dumpdir' 'CMakeFiles/cmTC_01c4b.dir/']
  ignore line: [ /home/lagoria/.espressif/tools/xtensa-esp32s3-elf/esp-2022r1-11.2.0/xtensa-esp32s3-elf/bin/../libexec/gcc/xtensa-esp32s3-elf/11.2.0/cc1 -quiet -v -iprefix /home/lagoria/.espressif/tools/xtensa-esp32s3-elf/esp-2022r1-11.2.0/xtensa-esp32s3-elf/bin/../lib/gcc/xtensa-esp32s3-elf/11.2.0/ /usr/share/cmake-3.22/Modules/CMakeCCompilerABI.c -quiet -dumpdir CMakeFiles/cmTC_01c4b.dir/ -dumpbase CMakeCCompilerABI.c.c -dumpbase-ext .c -mlongcalls -version -o /tmp/ccrIwEhl.s]
  ignore line: [GNU C17 (crosstool-NG esp-2022r1) version 11.2.0 (xtensa-esp32s3-elf)]
  ignore line: [	compiled by GNU C version 6.3.0 20170516  GMP version 6.2.1  MPFR version 4.1.0  MPC version 1.2.1  isl version isl-0.24-GMP]
  ignore line: []
  ignore line: [GGC heuristics: --param ggc-min-expand=100 --param ggc-min-heapsize=131072]
  ignore line: [ignoring duplicate directory "/home/lagoria/.espressif/tools/xtensa-esp32s3-elf/esp-2022r1-11.2.0/xtensa-esp32s3-elf/bin/../lib/gcc/../../lib/gcc/xtensa-esp32s3-elf/11.2.0/include"]
  ignore line: [ignoring duplicate directory "/home/lagoria/.espressif/tools/xtensa-esp32s3-elf/esp-2022r1-11.2.0/xtensa-esp32s3-elf/bin/../lib/gcc/../../lib/gcc/xtensa-esp32s3-elf/11.2.0/include-fixed"]
  ignore line: [ignoring duplicate directory "/home/lagoria/.espressif/tools/xtensa-esp32s3-elf/esp-2022r1-11.2.0/xtensa-esp32s3-elf/bin/../lib/gcc/../../lib/gcc/xtensa-esp32s3-elf/11.2.0/../../../../xtensa-esp32s3-elf/sys-include"]
  ignore line: [ignoring duplicate directory "/home/lagoria/.espressif/tools/xtensa-esp32s3-elf/esp-2022r1-11.2.0/xtensa-esp32s3-elf/bin/../lib/gcc/../../lib/gcc/xtensa-esp32s3-elf/11.2.0/../../../../xtensa-esp32s3-elf/include"]
  ignore line: [#include "..." search starts here:]
  ignore line: [#include <...> search starts here:]
  ignore line: [ /home/lagoria/.espressif/tools/xtensa-esp32s3-elf/esp-2022r1-11.2.0/xtensa-esp32s3-elf/bin/../lib/gcc/xtensa-esp32s3-elf/11.2.0/include]
  ignore line: [ /home/lagoria/.espressif/tools/xtensa-esp32s3-elf/esp-2022r1-11.2.0/xtensa-esp32s3-elf/bin/../lib/gcc/xtensa-esp32s3-elf/11.2.0/include-fixed]
  ignore line: [ /home/lagoria/.espressif/tools/xtensa-esp32s3-elf/esp-2022r1-11.2.0/xtensa-esp32s3-elf/bin/../lib/gcc/xtensa-esp32s3-elf/11.2.0/../../../../xtensa-esp32s3-elf/sys-include]
  ignore line: [ /home/lagoria/.espressif/tools/xtensa-esp32s3-elf/esp-2022r1-11.2.0/xtensa-esp32s3-elf/bin/../lib/gcc/xtensa-esp32s3-elf/11.2.0/../../../../xtensa-esp32s3-elf/include]
  ignore line: [End of search list.]
  ignore line: [GNU C17 (crosstool-NG esp-2022r1) version 11.2.0 (xtensa-esp32s3-elf)]
  ignore line: [	compiled by GNU C version 6.3.0 20170516  GMP version 6.2.1  MPFR version 4.1.0  MPC version 1.2.1  isl version isl-0.24-GMP]
  ignore line: []
  ignore line: [GGC heuristics: --param ggc-min-expand=100 --param ggc-min-heapsize=131072]
  ignore line: [Compiler executable checksum: 7f6b7e055617a53fd21a23fffed2fb13]
  ignore line: [COLLECT_GCC_OPTIONS='-mlongcalls' '-v' '-o' 'CMakeFiles/cmTC_01c4b.dir/CMakeCCompilerABI.c.obj' '-c' '-dumpdir' 'CMakeFiles/cmTC_01c4b.dir/']
  ignore line: [ /home/lagoria/.espressif/tools/xtensa-esp32s3-elf/esp-2022r1-11.2.0/xtensa-esp32s3-elf/bin/../lib/gcc/xtensa-esp32s3-elf/11.2.0/../../../../xtensa-esp32s3-elf/bin/as --traditional-format --longcalls -o CMakeFiles/cmTC_01c4b.dir/CMakeCCompilerABI.c.obj /tmp/ccrIwEhl.s]
  ignore line: [COMPILER_PATH=/home/lagoria/.espressif/tools/xtensa-esp32s3-elf/esp-2022r1-11.2.0/xtensa-esp32s3-elf/bin/../libexec/gcc/xtensa-esp32s3-elf/11.2.0/:/home/lagoria/.espressif/tools/xtensa-esp32s3-elf/esp-2022r1-11.2.0/xtensa-esp32s3-elf/bin/../libexec/gcc/:/home/lagoria/.espressif/tools/xtensa-esp32s3-elf/esp-2022r1-11.2.0/xtensa-esp32s3-elf/bin/../lib/gcc/xtensa-esp32s3-elf/11.2.0/../../../../xtensa-esp32s3-elf/bin/]
  ignore line: [LIBRARY_PATH=/home/lagoria/.espressif/tools/xtensa-esp32s3-elf/esp-2022r1-11.2.0/xtensa-esp32s3-elf/bin/../lib/gcc/xtensa-esp32s3-elf/11.2.0/:/home/lagoria/.espressif/tools/xtensa-esp32s3-elf/esp-2022r1-11.2.0/xtensa-esp32s3-elf/bin/../lib/gcc/:/home/lagoria/.espressif/tools/xtensa-esp32s3-elf/esp-2022r1-11.2.0/xtensa-esp32s3-elf/bin/../lib/gcc/xtensa-esp32s3-elf/11.2.0/../../../../xtensa-esp32s3-elf/lib/]
  ignore line: [COLLECT_GCC_OPTIONS='-mlongcalls' '-v' '-o' 'CMakeFiles/cmTC_01c4b.dir/CMakeCCompilerABI.c.obj' '-c' '-dumpdir' 'CMakeFiles/cmTC_01c4b.dir/CMakeCCompilerABI.c.']
  ignore line: [[2/2] Linking C executable cmTC_01c4b]
  ignore line: [Using built-in specs.]
  ignore line: [COLLECT_GCC=/home/lagoria/.espressif/tools/xtensa-esp32s3-elf/esp-2022r1-11.2.0/xtensa-esp32s3-elf/bin/xtensa-esp32s3-elf-gcc]
  ignore line: [COLLECT_LTO_WRAPPER=/home/lagoria/.espressif/tools/xtensa-esp32s3-elf/esp-2022r1-11.2.0/xtensa-esp32s3-elf/bin/../libexec/gcc/xtensa-esp32s3-elf/11.2.0/lto-wrapper]
  ignore line: [Target: xtensa-esp32s3-elf]
  ignore line: [Configured with: /builds/idf/crosstool-NG/.build/HOST-aarch64-linux-gnu/xtensa-esp32s3-elf/src/gcc/configure --build=x86_64-build_pc-linux-gnu --host=aarch64-host_unknown-linux-gnu --target=xtensa-esp32s3-elf --prefix=/builds/idf/crosstool-NG/builds/xtensa-esp32s3-elf --exec_prefix=/builds/idf/crosstool-NG/builds/xtensa-esp32s3-elf --with-local-prefix=/builds/idf/crosstool-NG/builds/xtensa-esp32s3-elf/xtensa-esp32s3-elf --with-headers=/builds/idf/crosstool-NG/builds/xtensa-esp32s3-elf/xtensa-esp32s3-elf/include --with-newlib --enable-threads=no --disable-shared --with-pkgversion='crosstool-NG esp-2022r1' --disable-__cxa_atexit --enable-cxx-flags=-ffunction-sections --disable-libgomp --disable-libmudflap --disable-libmpx --disable-libssp --disable-libquadmath --disable-libquadmath-support --disable-libstdcxx-verbose --with-gmp=/builds/idf/crosstool-NG/.build/HOST-aarch64-linux-gnu/xtensa-esp32s3-elf/buildtools/complibs-host --with-mpfr=/builds/idf/crosstool-NG/.build/HOST-aarch64-linux-gnu/xtensa-esp32s3-elf/buildtools/complibs-host --with-mpc=/builds/idf/crosstool-NG/.build/HOST-aarch64-linux-gnu/xtensa-esp32s3-elf/buildtools/complibs-host --with-isl=/builds/idf/crosstool-NG/.build/HOST-aarch64-linux-gnu/xtensa-esp32s3-elf/buildtools/complibs-host --enable-lto --enable-target-optspace --without-long-double-128 --disable-nls --enable-multiarch --enable-languages=c c++ --disable-libstdcxx-verbose --enable-threads=posix --enable-gcov-custom-rtio --enable-libstdcxx-time=yes]
  ignore line: [Thread model: posix]
  ignore line: [Supported LTO compression algorithms: zlib]
  ignore line: [gcc version 11.2.0 (crosstool-NG esp-2022r1) ]
  ignore line: [COMPILER_PATH=/home/lagoria/.espressif/tools/xtensa-esp32s3-elf/esp-2022r1-11.2.0/xtensa-esp32s3-elf/bin/../libexec/gcc/xtensa-esp32s3-elf/11.2.0/:/home/lagoria/.espressif/tools/xtensa-esp32s3-elf/esp-2022r1-11.2.0/xtensa-esp32s3-elf/bin/../libexec/gcc/:/home/lagoria/.espressif/tools/xtensa-esp32s3-elf/esp-2022r1-11.2.0/xtensa-esp32s3-elf/bin/../lib/gcc/xtensa-esp32s3-elf/11.2.0/../../../../xtensa-esp32s3-elf/bin/]
  ignore line: [LIBRARY_PATH=/home/lagoria/.espressif/tools/xtensa-esp32s3-elf/esp-2022r1-11.2.0/xtensa-esp32s3-elf/bin/../lib/gcc/xtensa-esp32s3-elf/11.2.0/:/home/lagoria/.espressif/tools/xtensa-esp32s3-elf/esp-2022r1-11.2.0/xtensa-esp32s3-elf/bin/../lib/gcc/:/home/lagoria/.espressif/tools/xtensa-esp32s3-elf/esp-2022r1-11.2.0/xtensa-esp32s3-elf/bin/../lib/gcc/xtensa-esp32s3-elf/11.2.0/../../../../xtensa-esp32s3-elf/lib/]
  ignore line: [COLLECT_GCC_OPTIONS='-mlongcalls' '-v' '-o' 'cmTC_01c4b' '-dumpdir' 'cmTC_01c4b.']
  link line: [ /home/lagoria/.espressif/tools/xtensa-esp32s3-elf/esp-2022r1-11.2.0/xtensa-esp32s3-elf/bin/../libexec/gcc/xtensa-esp32s3-elf/11.2.0/collect2 -plugin /home/lagoria/.espressif/tools/xtensa-esp32s3-elf/esp-2022r1-11.2.0/xtensa-esp32s3-elf/bin/../libexec/gcc/xtensa-esp32s3-elf/11.2.0/liblto_plugin.so -plugin-opt=/home/lagoria/.espressif/tools/xtensa-esp32s3-elf/esp-2022r1-11.2.0/xtensa-esp32s3-elf/bin/../libexec/gcc/xtensa-esp32s3-elf/11.2.0/lto-wrapper -plugin-opt=-fresolution=/tmp/ccSXTp3h.res -plugin-opt=-pass-through=-lgcc -plugin-opt=-pass-through=-lc -plugin-opt=-pass-through=-lnosys -plugin-opt=-pass-through=-lc -plugin-opt=-pass-through=-lgcc -o cmTC_01c4b /home/lagoria/.espressif/tools/xtensa-esp32s3-elf/esp-2022r1-11.2.0/xtensa-esp32s3-elf/bin/../lib/gcc/xtensa-esp32s3-elf/11.2.0/../../../../xtensa-esp32s3-elf/lib/crt0.o /home/lagoria/.espressif/tools/xtensa-esp32s3-elf/esp-2022r1-11.2.0/xtensa-esp32s3-elf/bin/../lib/gcc/xtensa-esp32s3-elf/11.2.0/crti.o /home/lagoria/.espressif/tools/xtensa-esp32s3-elf/esp-2022r1-11.2.0/xtensa-esp32s3-elf/bin/../lib/gcc/xtensa-esp32s3-elf/11.2.0/crtbegin.o -L/home/lagoria/.espressif/tools/xtensa-esp32s3-elf/esp-2022r1-11.2.0/xtensa-esp32s3-elf/bin/../lib/gcc/xtensa-esp32s3-elf/11.2.0 -L/home/lagoria/.espressif/tools/xtensa-esp32s3-elf/esp-2022r1-11.2.0/xtensa-esp32s3-elf/bin/../lib/gcc -L/home/lagoria/.espressif/tools/xtensa-esp32s3-elf/esp-2022r1-11.2.0/xtensa-esp32s3-elf/bin/../lib/gcc/xtensa-esp32s3-elf/11.2.0/../../../../xtensa-esp32s3-elf/lib CMakeFiles/cmTC_01c4b.dir/CMakeCCompilerABI.c.obj -lgcc -lc -lnosys -lc -lgcc /home/lagoria/.espressif/tools/xtensa-esp32s3-elf/esp-2022r1-11.2.0/xtensa-esp32s3-elf/bin/../lib/gcc/xtensa-esp32s3-elf/11.2.0/crtend.o /home/lagoria/.espressif/tools/xtensa-esp32s3-elf/esp-2022r1-11.2.0/xtensa-esp32s3-elf/bin/../lib/gcc/xtensa-esp32s3-elf/11.2.0/crtn.o]
    arg [/home/lagoria/.espressif/tools/xtensa-esp32s3-elf/esp-2022r1-11.2.0/xtensa-esp32s3-elf/bin/../libexec/gcc/xtensa-esp32s3-elf/11.2.0/collect2] ==> ignore
    arg [-plugin] ==> ignore
    arg [/home/lagoria/.espressif/tools/xtensa-esp32s3-elf/esp-2022r1-11.2.0/xtensa-esp32s3-elf/bin/../libexec/gcc/xtensa-esp32s3-elf/11.2.0/liblto_plugin.so] ==> ignore
    arg [-plugin-opt=/home/lagoria/.espressif/tools/xtensa-esp32s3-elf/esp-2022r1-11.2.0/xtensa-esp32s3-elf/bin/../libexec/gcc/xtensa-esp32s3-elf/11.2.0/lto-wrapper] ==> ignore
    arg [-plugin-opt=-fresolution=/tmp/ccSXTp3h.res] ==> ignore
    arg [-plugin-opt=-pass-through=-lgcc] ==> ignore
    arg [-plugin-opt=-pass-through=-lc] ==> ignore
    arg [-plugin-opt=-pass-through=-lnosys] ==> ignore
    arg [-plugin-opt=-pass-through=-lc] ==> ignore
    arg [-plugin-opt=-pass-through=-lgcc] ==> ignore
    arg [-o] ==> ignore
    arg [cmTC_01c4b] ==> ignore
    arg [/home/lagoria/.espressif/tools/xtensa-esp32s3-elf/esp-2022r1-11.2.0/xtensa-esp32s3-elf/bin/../lib/gcc/xtensa-esp32s3-elf/11.2.0/../../../../xtensa-esp32s3-elf/lib/crt0.o] ==> obj [/home/lagoria/.espressif/tools/xtensa-esp32s3-elf/esp-2022r1-11.2.0/xtensa-esp32s3-elf/bin/../lib/gcc/xtensa-esp32s3-elf/11.2.0/../../../../xtensa-esp32s3-elf/lib/crt0.o]
    arg [/home/lagoria/.espressif/tools/xtensa-esp32s3-elf/esp-2022r1-11.2.0/xtensa-esp32s3-elf/bin/../lib/gcc/xtensa-esp32s3-elf/11.2.0/crti.o] ==> obj [/home/lagoria/.espressif/tools/xtensa-esp32s3-elf/esp-2022r1-11.2.0/xtensa-esp32s3-elf/bin/../lib/gcc/xtensa-esp32s3-elf/11.2.0/crti.o]
    arg [/home/lagoria/.espressif/tools/xtensa-esp32s3-elf/esp-2022r1-11.2.0/xtensa-esp32s3-elf/bin/../lib/gcc/xtensa-esp32s3-elf/11.2.0/crtbegin.o] ==> obj [/home/lagoria/.espressif/tools/xtensa-esp32s3-elf/esp-2022r1-11.2.0/xtensa-esp32s3-elf/bin/../lib/gcc/xtensa-esp32s3-elf/11.2.0/crtbegin.o]
    arg [-L/home/lagoria/.espressif/tools/xtensa-esp32s3-elf/esp-2022r1-11.2.0/xtensa-esp32s3-elf/bin/../lib/gcc/xtensa-esp32s3-elf/11.2.0] ==> dir [/home/lagoria/.espressif/tools/xtensa-esp32s3-elf/esp-2022r1-11.2.0/xtensa-esp32s3-elf/bin/../lib/gcc/xtensa-esp32s3-elf/11.2.0]
    arg [-L/home/lagoria/.espressif/tools/xtensa-esp32s3-elf/esp-2022r1-11.2.0/xtensa-esp32s3-elf/bin/../lib/gcc] ==> dir [/home/lagoria/.espressif/tools/xtensa-esp32s3-elf/esp-2022r1-11.2.0/xtensa-esp32s3-elf/bin/../lib/gcc]
    arg [-L/home/lagoria/.espressif/tools/xtensa-esp32s3-elf/esp-2022r1-11.2.0/xtensa-esp32s3-elf/bin/../lib/gcc/xtensa-esp32s3-elf/11.2.0/../../../../xtensa-esp32s3-elf/lib] ==> dir [/home/lagoria/.espressif/tools/xtensa-esp32s3-elf/esp-2022r1-11.2.0/xtensa-esp32s3-elf/bin/../lib/gcc/xtensa-esp32s3-elf/11.2.0/../../../../xtensa-esp32s3-elf/lib]
    arg [CMakeFiles/cmTC_01c4b.dir/CMakeCCompilerABI.c.obj] ==> ignore
    arg [-lgcc] ==> lib [gcc]
    arg [-lc] ==> lib [c]
    arg [-lnosys] ==> lib [nosys]
    arg [-lc] ==> lib [c]
    arg [-lgcc] ==> lib [gcc]
    arg [/home/lagoria/.espressif/tools/xtensa-esp32s3-elf/esp-2022r1-11.2.0/xtensa-esp32s3-elf/bin/../lib/gcc/xtensa-esp32s3-elf/11.2.0/crtend.o] ==> obj [/home/lagoria/.espressif/tools/xtensa-esp32s3-elf/esp-2022r1-11.2.0/xtensa-esp32s3-elf/bin/../lib/gcc/xtensa-esp32s3-elf/11.2.0/crtend.o]
    arg [/home/lagoria/.espressif/tools/xtensa-esp32s3-elf/esp-2022r1-11.2.0/xtensa-esp32s3-elf/bin/../lib/gcc/xtensa-esp32s3-elf/11.2.0/crtn.o] ==> obj [/home/lagoria/.espressif/tools/xtensa-esp32s3-elf/esp-2022r1-11.2.0/xtensa-esp32s3-elf/bin/../lib/gcc/xtensa-esp32s3-elf/11.2.0/crtn.o]
  collapse obj [/home/lagoria/.espressif/tools/xtensa-esp32s3-elf/esp-2022r1-11.2.0/xtensa-esp32s3-elf/bin/../lib/gcc/xtensa-esp32s3-elf/11.2.0/../../../../xtensa-esp32s3-elf/lib/crt0.o] ==> [/home/lagoria/.espressif/tools/xtensa-esp32s3-elf/esp-2022r1-11.2.0/xtensa-esp32s3-elf/xtensa-esp32s3-elf/lib/crt0.o]
  collapse obj [/home/lagoria/.espressif/tools/xtensa-esp32s3-elf/esp-2022r1-11.2.0/xtensa-esp32s3-elf/bin/../lib/gcc/xtensa-esp32s3-elf/11.2.0/crti.o] ==> [/home/lagoria/.espressif/tools/xtensa-esp32s3-elf/esp-2022r1-11.2.0/xtensa-esp32s3-elf/lib/gcc/xtensa-esp32s3-elf/11.2.0/crti.o]
  collapse obj [/home/lagoria/.espressif/tools/xtensa-esp32s3-elf/esp-2022r1-11.2.0/xtensa-esp32s3-elf/bin/../lib/gcc/xtensa-esp32s3-elf/11.2.0/crtbegin.o] ==> [/home/lagoria/.espressif/tools/xtensa-esp32s3-elf/esp-2022r1-11.2.0/xtensa-esp32s3-elf/lib/gcc/xtensa-esp32s3-elf/11.2.0/crtbegin.o]
  collapse obj [/home/lagoria/.espressif/tools/xtensa-esp32s3-elf/esp-2022r1-11.2.0/xtensa-esp32s3-elf/bin/../lib/gcc/xtensa-esp32s3-elf/11.2.0/crtend.o] ==> [/home/lagoria/.espressif/tools/xtensa-esp32s3-elf/esp-2022r1-11.2.0/xtensa-esp32s3-elf/lib/gcc/xtensa-esp32s3-elf/11.2.0/crtend.o]
  collapse obj [/home/lagoria/.espressif/tools/xtensa-esp32s3-elf/esp-2022r1-11.2.0/xtensa-esp32s3-elf/bin/../lib/gcc/xtensa-esp32s3-elf/11.2.0/crtn.o] ==> [/home/lagoria/.espressif/tools/xtensa-esp32s3-elf/esp-2022r1-11.2.0/xtensa-esp32s3-elf/lib/gcc/xtensa-esp32s3-elf/11.2.0/crtn.o]
  collapse library dir [/home/lagoria/.espressif/tools/xtensa-esp32s3-elf/esp-2022r1-11.2.0/xtensa-esp32s3-elf/bin/../lib/gcc/xtensa-esp32s3-elf/11.2.0] ==> [/home/lagoria/.espressif/tools/xtensa-esp32s3-elf/esp-2022r1-11.2.0/xtensa-esp32s3-elf/lib/gcc/xtensa-esp32s3-elf/11.2.0]
  collapse library dir [/home/lagoria/.espressif/tools/xtensa-esp32s3-elf/esp-2022r1-11.2.0/xtensa-esp32s3-elf/bin/../lib/gcc] ==> [/home/lagoria/.espressif/tools/xtensa-esp32s3-elf/esp-2022r1-11.2.0/xtensa-esp32s3-elf/lib/gcc]
  collapse library dir [/home/lagoria/.espressif/tools/xtensa-esp32s3-elf/esp-2022r1-11.2.0/xtensa-esp32s3-elf/bin/../lib/gcc/xtensa-esp32s3-elf/11.2.0/../../../../xtensa-esp32s3-elf/lib] ==> [/home/lagoria/.espressif/tools/xtensa-esp32s3-elf/esp-2022r1-11.2.0/xtensa-esp32s3-elf/xtensa-esp32s3-elf/lib]
  implicit libs: [gcc;c;nosys;c;gcc]
  implicit objs: [/home/lagoria/.espressif/tools/xtensa-esp32s3-elf/esp-2022r1-11.2.0/xtensa-esp32s3-elf/xtensa-esp32s3-elf/lib/crt0.o;/home/lagoria/.espressif/tools/xtensa-esp32s3-elf/esp-2022r1-11.2.0/xtensa-esp32s3-elf/lib/gcc/xtensa-esp32s3-elf/11.2.0/crti.o;/home/lagoria/.espressif/tools/xtensa-esp32s3-elf/esp-2022r1-11.2.0/xtensa-esp32s3-elf/lib/gcc/xtensa-esp32s3-elf/11.2.0/crtbegin.o;/home/lagoria/.espressif/tools/xtensa-esp32s3-elf/esp-2022r1-11.2.0/xtensa-esp32s3-elf/lib/gcc/xtensa-esp32s3-elf/11.2.0/crtend.o;/home/lagoria/.espressif/tools/xtensa-esp32s3-elf/esp-2022r1-11.2.0/xtensa-esp32s3-elf/lib/gcc/xtensa-esp32s3-elf/11.2.0/crtn.o]
  implicit dirs: [/home/lagoria/.espressif/tools/xtensa-esp32s3-elf/esp-2022r1-11.2.0/xtensa-esp32s3-elf/lib/gcc/xtensa-esp32s3-elf/11.2.0;/home/lagoria/.espressif/tools/xtensa-esp32s3-elf/esp-2022r1-11.2.0/xtensa-esp32s3-elf/lib/gcc;/home/lagoria/.espressif/tools/xtensa-esp32s3-elf/esp-2022r1-11.2.0/xtensa-esp32s3-elf/xtensa-esp32s3-elf/lib]
  implicit fwks: []


Detecting CXX compiler ABI info compiled with the following output:
Change Dir: /home/lagoria/workspace/esp/project/esp32s3/master/build/bootloader/CMakeFiles/CMakeTmp

Run Build Command(s):/usr/bin/ninja cmTC_47b85 && [1/2] Building CXX object CMakeFiles/cmTC_47b85.dir/CMakeCXXCompilerABI.cpp.obj
Using built-in specs.
COLLECT_GCC=/home/lagoria/.espressif/tools/xtensa-esp32s3-elf/esp-2022r1-11.2.0/xtensa-esp32s3-elf/bin/xtensa-esp32s3-elf-g++
Target: xtensa-esp32s3-elf
Configured with: /builds/idf/crosstool-NG/.build/HOST-aarch64-linux-gnu/xtensa-esp32s3-elf/src/gcc/configure --build=x86_64-build_pc-linux-gnu --host=aarch64-host_unknown-linux-gnu --target=xtensa-esp32s3-elf --prefix=/builds/idf/crosstool-NG/builds/xtensa-esp32s3-elf --exec_prefix=/builds/idf/crosstool-NG/builds/xtensa-esp32s3-elf --with-local-prefix=/builds/idf/crosstool-NG/builds/xtensa-esp32s3-elf/xtensa-esp32s3-elf --with-headers=/builds/idf/crosstool-NG/builds/xtensa-esp32s3-elf/xtensa-esp32s3-elf/include --with-newlib --enable-threads=no --disable-shared --with-pkgversion='crosstool-NG esp-2022r1' --disable-__cxa_atexit --enable-cxx-flags=-ffunction-sections --disable-libgomp --disable-libmudflap --disable-libmpx --disable-libssp --disable-libquadmath --disable-libquadmath-support --disable-libstdcxx-verbose --with-gmp=/builds/idf/crosstool-NG/.build/HOST-aarch64-linux-gnu/xtensa-esp32s3-elf/buildtools/complibs-host --with-mpfr=/builds/idf/crosstool-NG/.build/HOST-aarch64-linux-gnu/xtensa-esp32s3-elf/buildtools/complibs-host --with-mpc=/builds/idf/crosstool-NG/.build/HOST-aarch64-linux-gnu/xtensa-esp32s3-elf/buildtools/complibs-host --with-isl=/builds/idf/crosstool-NG/.build/HOST-aarch64-linux-gnu/xtensa-esp32s3-elf/buildtools/complibs-host --enable-lto --enable-target-optspace --without-long-double-128 --disable-nls --enable-multiarch --enable-languages=c,c++ --disable-libstdcxx-verbose --enable-threads=posix --enable-gcov-custom-rtio --enable-libstdcxx-time=yes
Thread model: posix
Supported LTO compression algorithms: zlib
gcc version 11.2.0 (crosstool-NG esp-2022r1) 
COLLECT_GCC_OPTIONS='-mlongcalls' '-v' '-o' 'CMakeFiles/cmTC_47b85.dir/CMakeCXXCompilerABI.cpp.obj' '-c' '-dumpdir' 'CMakeFiles/cmTC_47b85.dir/'
 /home/lagoria/.espressif/tools/xtensa-esp32s3-elf/esp-2022r1-11.2.0/xtensa-esp32s3-elf/bin/../libexec/gcc/xtensa-esp32s3-elf/11.2.0/cc1plus -quiet -v -iprefix /home/lagoria/.espressif/tools/xtensa-esp32s3-elf/esp-2022r1-11.2.0/xtensa-esp32s3-elf/bin/../lib/gcc/xtensa-esp32s3-elf/11.2.0/ /usr/share/cmake-3.22/Modules/CMakeCXXCompilerABI.cpp -quiet -dumpdir CMakeFiles/cmTC_47b85.dir/ -dumpbase CMakeCXXCompilerABI.cpp.cpp -dumpbase-ext .cpp -mlongcalls -version -o /tmp/ccLGhKI1.s
GNU C++17 (crosstool-NG esp-2022r1) version 11.2.0 (xtensa-esp32s3-elf)
	compiled by GNU C version 6.3.0 20170516, GMP version 6.2.1, MPFR version 4.1.0, MPC version 1.2.1, isl version isl-0.24-GMP

GGC heuristics: --param ggc-min-expand=100 --param ggc-min-heapsize=131072
ignoring duplicate directory "/home/lagoria/.espressif/tools/xtensa-esp32s3-elf/esp-2022r1-11.2.0/xtensa-esp32s3-elf/bin/../lib/gcc/../../lib/gcc/xtensa-esp32s3-elf/11.2.0/../../../../xtensa-esp32s3-elf/include/c++/11.2.0"
ignoring duplicate directory "/home/lagoria/.espressif/tools/xtensa-esp32s3-elf/esp-2022r1-11.2.0/xtensa-esp32s3-elf/bin/../lib/gcc/../../lib/gcc/xtensa-esp32s3-elf/11.2.0/../../../../xtensa-esp32s3-elf/include/c++/11.2.0/xtensa-esp32s3-elf"
ignoring duplicate directory "/home/lagoria/.espressif/tools/xtensa-esp32s3-elf/esp-2022r1-11.2.0/xtensa-esp32s3-elf/bin/../lib/gcc/../../lib/gcc/xtensa-esp32s3-elf/11.2.0/../../../../xtensa-esp32s3-elf/include/c++/11.2.0/backward"
ignoring duplicate directory "/home/lagoria/.espressif/tools/xtensa-esp32s3-elf/esp-2022r1-11.2.0/xtensa-esp32s3-elf/bin/../lib/gcc/../../lib/gcc/xtensa-esp32s3-elf/11.2.0/include"
ignoring duplicate directory "/home/lagoria/.espressif/tools/xtensa-esp32s3-elf/esp-2022r1-11.2.0/xtensa-esp32s3-elf/bin/../lib/gcc/../../lib/gcc/xtensa-esp32s3-elf/11.2.0/include-fixed"
ignoring duplicate directory "/home/lagoria/.espressif/tools/xtensa-esp32s3-elf/esp-2022r1-11.2.0/xtensa-esp32s3-elf/bin/../lib/gcc/../../lib/gcc/xtensa-esp32s3-elf/11.2.0/../../../../xtensa-esp32s3-elf/sys-include"
ignoring duplicate directory "/home/lagoria/.espressif/tools/xtensa-esp32s3-elf/esp-2022r1-11.2.0/xtensa-esp32s3-elf/bin/../lib/gcc/../../lib/gcc/xtensa-esp32s3-elf/11.2.0/../../../../xtensa-esp32s3-elf/include"
#include "..." search starts here:
#include <...> search starts here:
 /home/lagoria/.espressif/tools/xtensa-esp32s3-elf/esp-2022r1-11.2.0/xtensa-esp32s3-elf/bin/../lib/gcc/xtensa-esp32s3-elf/11.2.0/../../../../xtensa-esp32s3-elf/include/c++/11.2.0
 /home/lagoria/.espressif/tools/xtensa-esp32s3-elf/esp-2022r1-11.2.0/xtensa-esp32s3-elf/bin/../lib/gcc/xtensa-esp32s3-elf/11.2.0/../../../../xtensa-esp32s3-elf/include/c++/11.2.0/xtensa-esp32s3-elf
 /home/lagoria/.espressif/tools/xtensa-esp32s3-elf/esp-2022r1-11.2.0/xtensa-esp32s3-elf/bin/../lib/gcc/xtensa-esp32s3-elf/11.2.0/../../../../xtensa-esp32s3-elf/include/c++/11.2.0/backward
 /home/lagoria/.espressif/tools/xtensa-esp32s3-elf/esp-2022r1-11.2.0/xtensa-esp32s3-elf/bin/../lib/gcc/xtensa-esp32s3-elf/11.2.0/include
 /home/lagoria/.espressif/tools/xtensa-esp32s3-elf/esp-2022r1-11.2.0/xtensa-esp32s3-elf/bin/../lib/gcc/xtensa-esp32s3-elf/11.2.0/include-fixed
 /home/lagoria/.espressif/tools/xtensa-esp32s3-elf/esp-2022r1-11.2.0/xtensa-esp32s3-elf/bin/../lib/gcc/xtensa-esp32s3-elf/11.2.0/../../../../xtensa-esp32s3-elf/sys-include
 /home/lagoria/.espressif/tools/xtensa-esp32s3-elf/esp-2022r1-11.2.0/xtensa-esp32s3-elf/bin/../lib/gcc/xtensa-esp32s3-elf/11.2.0/../../../../xtensa-esp32s3-elf/include
End of search list.
GNU C++17 (crosstool-NG esp-2022r1) version 11.2.0 (xtensa-esp32s3-elf)
	compiled by GNU C version 6.3.0 20170516, GMP version 6.2.1, MPFR version 4.1.0, MPC version 1.2.1, isl version isl-0.24-GMP

GGC heuristics: --param ggc-min-expand=100 --param ggc-min-heapsize=131072
Compiler executable checksum: 382b6248cc8c3ecc2e8fd85470706ba7
COLLECT_GCC_OPTIONS='-mlongcalls' '-v' '-o' 'CMakeFiles/cmTC_47b85.dir/CMakeCXXCompilerABI.cpp.obj' '-c' '-dumpdir' 'CMakeFiles/cmTC_47b85.dir/'
 /home/lagoria/.espressif/tools/xtensa-esp32s3-elf/esp-2022r1-11.2.0/xtensa-esp32s3-elf/bin/../lib/gcc/xtensa-esp32s3-elf/11.2.0/../../../../xtensa-esp32s3-elf/bin/as --traditional-format --longcalls -o CMakeFiles/cmTC_47b85.dir/CMakeCXXCompilerABI.cpp.obj /tmp/ccLGhKI1.s
COMPILER_PATH=/home/lagoria/.espressif/tools/xtensa-esp32s3-elf/esp-2022r1-11.2.0/xtensa-esp32s3-elf/bin/../libexec/gcc/xtensa-esp32s3-elf/11.2.0/:/home/lagoria/.espressif/tools/xtensa-esp32s3-elf/esp-2022r1-11.2.0/xtensa-esp32s3-elf/bin/../libexec/gcc/:/home/lagoria/.espressif/tools/xtensa-esp32s3-elf/esp-2022r1-11.2.0/xtensa-esp32s3-elf/bin/../lib/gcc/xtensa-esp32s3-elf/11.2.0/../../../../xtensa-esp32s3-elf/bin/
LIBRARY_PATH=/home/lagoria/.espressif/tools/xtensa-esp32s3-elf/esp-2022r1-11.2.0/xtensa-esp32s3-elf/bin/../lib/gcc/xtensa-esp32s3-elf/11.2.0/:/home/lagoria/.espressif/tools/xtensa-esp32s3-elf/esp-2022r1-11.2.0/xtensa-esp32s3-elf/bin/../lib/gcc/:/home/lagoria/.espressif/tools/xtensa-esp32s3-elf/esp-2022r1-11.2.0/xtensa-esp32s3-elf/bin/../lib/gcc/xtensa-esp32s3-elf/11.2.0/../../../../xtensa-esp32s3-elf/lib/
COLLECT_GCC_OPTIONS='-mlongcalls' '-v' '-o' 'CMakeFiles/cmTC_47b85.dir/CMakeCXXCompilerABI.cpp.obj' '-c' '-dumpdir' 'CMakeFiles/cmTC_47b85.dir/CMakeCXXCompilerABI.cpp.'
[2/2] Linking CXX executable cmTC_47b85
Using built-in specs.
COLLECT_GCC=/home/lagoria/.espressif/tools/xtensa-esp32s3-elf/esp-2022r1-11.2.0/xtensa-esp32s3-elf/bin/xtensa-esp32s3-elf-g++
COLLECT_LTO_WRAPPER=/home/lagoria/.espressif/tools/xtensa-esp32s3-elf/esp-2022r1-11.2.0/xtensa-esp32s3-elf/bin/../libexec/gcc/xtensa-esp32s3-elf/11.2.0/lto-wrapper
Target: xtensa-esp32s3-elf
Configured with: /builds/idf/crosstool-NG/.build/HOST-aarch64-linux-gnu/xtensa-esp32s3-elf/src/gcc/configure --build=x86_64-build_pc-linux-gnu --host=aarch64-host_unknown-linux-gnu --target=xtensa-esp32s3-elf --prefix=/builds/idf/crosstool-NG/builds/xtensa-esp32s3-elf --exec_prefix=/builds/idf/crosstool-NG/builds/xtensa-esp32s3-elf --with-local-prefix=/builds/idf/crosstool-NG/builds/xtensa-esp32s3-elf/xtensa-esp32s3-elf --with-headers=/builds/idf/crosstool-NG/builds/xtensa-esp32s3-elf/xtensa-esp32s3-elf/include --with-newlib --enable-threads=no --disable-shared --with-pkgversion='crosstool-NG esp-2022r1' --disable-__cxa_atexit --enable-cxx-flags=-ffunction-sections --disable-libgomp --disable-libmudflap --disable-libmpx --disable-libssp --disable-libquadmath --disable-libquadmath-support --disable-libstdcxx-verbose --with-gmp=/builds/idf/crosstool-NG/.build/HOST-aarch64-linux-gnu/xtensa-esp32s3-elf/buildtools/complibs-host --with-mpfr=/builds/idf/crosstool-NG/.build/HOST-aarch64-linux-gnu/xtensa-esp32s3-elf/buildtools/complibs-host --with-mpc=/builds/idf/crosstool-NG/.build/HOST-aarch64-linux-gnu/xtensa-esp32s3-elf/buildtools/complibs-host --with-isl=/builds/idf/crosstool-NG/.build/HOST-aarch64-linux-gnu/xtensa-esp32s3-elf/buildtools/complibs-host --enable-lto --enable-target-optspace --without-long-double-128 --disable-nls --enable-multiarch --enable-languages=c,c++ --disable-libstdcxx-verbose --enable-threads=posix --enable-gcov-custom-rtio --enable-libstdcxx-time=yes
Thread model: posix
Supported LTO compression algorithms: zlib
gcc version 11.2.0 (crosstool-NG esp-2022r1) 
COMPILER_PATH=/home/lagoria/.espressif/tools/xtensa-esp32s3-elf/esp-2022r1-11.2.0/xtensa-esp32s3-elf/bin/../libexec/gcc/xtensa-esp32s3-elf/11.2.0/:/home/lagoria/.espressif/tools/xtensa-esp32s3-elf/esp-2022r1-11.2.0/xtensa-esp32s3-elf/bin/../libexec/gcc/:/home/lagoria/.espressif/tools/xtensa-esp32s3-elf/esp-2022r1-11.2.0/xtensa-esp32s3-elf/bin/../lib/gcc/xtensa-esp32s3-elf/11.2.0/../../../../xtensa-esp32s3-elf/bin/
LIBRARY_PATH=/home/lagoria/.espressif/tools/xtensa-esp32s3-elf/esp-2022r1-11.2.0/xtensa-esp32s3-elf/bin/../lib/gcc/xtensa-esp32s3-elf/11.2.0/:/home/lagoria/.espressif/tools/xtensa-esp32s3-elf/esp-2022r1-11.2.0/xtensa-esp32s3-elf/bin/../lib/gcc/:/home/lagoria/.espressif/tools/xtensa-esp32s3-elf/esp-2022r1-11.2.0/xtensa-esp32s3-elf/bin/../lib/gcc/xtensa-esp32s3-elf/11.2.0/../../../../xtensa-esp32s3-elf/lib/
COLLECT_GCC_OPTIONS='-mlongcalls' '-v' '-o' 'cmTC_47b85' '-dumpdir' 'cmTC_47b85.'
 /home/lagoria/.espressif/tools/xtensa-esp32s3-elf/esp-2022r1-11.2.0/xtensa-esp32s3-elf/bin/../libexec/gcc/xtensa-esp32s3-elf/11.2.0/collect2 -plugin /home/lagoria/.espressif/tools/xtensa-esp32s3-elf/esp-2022r1-11.2.0/xtensa-esp32s3-elf/bin/../libexec/gcc/xtensa-esp32s3-elf/11.2.0/liblto_plugin.so -plugin-opt=/home/lagoria/.espressif/tools/xtensa-esp32s3-elf/esp-2022r1-11.2.0/xtensa-esp32s3-elf/bin/../libexec/gcc/xtensa-esp32s3-elf/11.2.0/lto-wrapper -plugin-opt=-fresolution=/tmp/cc86xgB1.res -plugin-opt=-pass-through=-lgcc -plugin-opt=-pass-through=-lc -plugin-opt=-pass-through=-lnosys -plugin-opt=-pass-through=-lc -plugin-opt=-pass-through=-lgcc -o cmTC_47b85 /home/lagoria/.espressif/tools/xtensa-esp32s3-elf/esp-2022r1-11.2.0/xtensa-esp32s3-elf/bin/../lib/gcc/xtensa-esp32s3-elf/11.2.0/../../../../xtensa-esp32s3-elf/lib/crt0.o /home/lagoria/.espressif/tools/xtensa-esp32s3-elf/esp-2022r1-11.2.0/xtensa-esp32s3-elf/bin/../lib/gcc/xtensa-esp32s3-elf/11.2.0/crti.o /home/lagoria/.espressif/tools/xtensa-esp32s3-elf/esp-2022r1-11.2.0/xtensa-esp32s3-elf/bin/../lib/gcc/xtensa-esp32s3-elf/11.2.0/crtbegin.o -L/home/lagoria/.espressif/tools/xtensa-esp32s3-elf/esp-2022r1-11.2.0/xtensa-esp32s3-elf/bin/../lib/gcc/xtensa-esp32s3-elf/11.2.0 -L/home/lagoria/.espressif/tools/xtensa-esp32s3-elf/esp-2022r1-11.2.0/xtensa-esp32s3-elf/bin/../lib/gcc -L/home/lagoria/.espressif/tools/xtensa-esp32s3-elf/esp-2022r1-11.2.0/xtensa-esp32s3-elf/bin/../lib/gcc/xtensa-esp32s3-elf/11.2.0/../../../../xtensa-esp32s3-elf/lib CMakeFiles/cmTC_47b85.dir/CMakeCXXCompilerABI.cpp.obj -lstdc++ -lm -lgcc -lc -lnosys -lc -lgcc /home/lagoria/.espressif/tools/xtensa-esp32s3-elf/esp-2022r1-11.2.0/xtensa-esp32s3-elf/bin/../lib/gcc/xtensa-esp32s3-elf/11.2.0/crtend.o /home/lagoria/.espressif/tools/xtensa-esp32s3-elf/esp-2022r1-11.2.0/xtensa-esp32s3-elf/bin/../lib/gcc/xtensa-esp32s3-elf/11.2.0/crtn.o
COLLECT_GCC_OPTIONS='-mlongcalls' '-v' '-o' 'cmTC_47b85' '-dumpdir' 'cmTC_47b85.'



Parsed CXX implicit include dir info from above output: rv=done
  found start of include info
  found start of implicit include info
    add: [/home/lagoria/.espressif/tools/xtensa-esp32s3-elf/esp-2022r1-11.2.0/xtensa-esp32s3-elf/bin/../lib/gcc/xtensa-esp32s3-elf/11.2.0/../../../../xtensa-esp32s3-elf/include/c++/11.2.0]
    add: [/home/lagoria/.espressif/tools/xtensa-esp32s3-elf/esp-2022r1-11.2.0/xtensa-esp32s3-elf/bin/../lib/gcc/xtensa-esp32s3-elf/11.2.0/../../../../xtensa-esp32s3-elf/include/c++/11.2.0/xtensa-esp32s3-elf]
    add: [/home/lagoria/.espressif/tools/xtensa-esp32s3-elf/esp-2022r1-11.2.0/xtensa-esp32s3-elf/bin/../lib/gcc/xtensa-esp32s3-elf/11.2.0/../../../../xtensa-esp32s3-elf/include/c++/11.2.0/backward]
    add: [/home/lagoria/.espressif/tools/xtensa-esp32s3-elf/esp-2022r1-11.2.0/xtensa-esp32s3-elf/bin/../lib/gcc/xtensa-esp32s3-elf/11.2.0/include]
    add: [/home/lagoria/.espressif/tools/xtensa-esp32s3-elf/esp-2022r1-11.2.0/xtensa-esp32s3-elf/bin/../lib/gcc/xtensa-esp32s3-elf/11.2.0/include-fixed]
    add: [/home/lagoria/.espressif/tools/xtensa-esp32s3-elf/esp-2022r1-11.2.0/xtensa-esp32s3-elf/bin/../lib/gcc/xtensa-esp32s3-elf/11.2.0/../../../../xtensa-esp32s3-elf/sys-include]
    add: [/home/lagoria/.espressif/tools/xtensa-esp32s3-elf/esp-2022r1-11.2.0/xtensa-esp32s3-elf/bin/../lib/gcc/xtensa-esp32s3-elf/11.2.0/../../../../xtensa-esp32s3-elf/include]
  end of search list found
  collapse include dir [/home/lagoria/.espressif/tools/xtensa-esp32s3-elf/esp-2022r1-11.2.0/xtensa-esp32s3-elf/bin/../lib/gcc/xtensa-esp32s3-elf/11.2.0/../../../../xtensa-esp32s3-elf/include/c++/11.2.0] ==> [/home/lagoria/.espressif/tools/xtensa-esp32s3-elf/esp-2022r1-11.2.0/xtensa-esp32s3-elf/xtensa-esp32s3-elf/include/c++/11.2.0]
  collapse include dir [/home/lagoria/.espressif/tools/xtensa-esp32s3-elf/esp-2022r1-11.2.0/xtensa-esp32s3-elf/bin/../lib/gcc/xtensa-esp32s3-elf/11.2.0/../../../../xtensa-esp32s3-elf/include/c++/11.2.0/xtensa-esp32s3-elf] ==> [/home/lagoria/.espressif/tools/xtensa-esp32s3-elf/esp-2022r1-11.2.0/xtensa-esp32s3-elf/xtensa-esp32s3-elf/include/c++/11.2.0/xtensa-esp32s3-elf]
  collapse include dir [/home/lagoria/.espressif/tools/xtensa-esp32s3-elf/esp-2022r1-11.2.0/xtensa-esp32s3-elf/bin/../lib/gcc/xtensa-esp32s3-elf/11.2.0/../../../../xtensa-esp32s3-elf/include/c++/11.2.0/backward] ==> [/home/lagoria/.espressif/tools/xtensa-esp32s3-elf/esp-2022r1-11.2.0/xtensa-esp32s3-elf/xtensa-esp32s3-elf/include/c++/11.2.0/backward]
  collapse include dir [/home/lagoria/.espressif/tools/xtensa-esp32s3-elf/esp-2022r1-11.2.0/xtensa-esp32s3-elf/bin/../lib/gcc/xtensa-esp32s3-elf/11.2.0/include] ==> [/home/lagoria/.espressif/tools/xtensa-esp32s3-elf/esp-2022r1-11.2.0/xtensa-esp32s3-elf/lib/gcc/xtensa-esp32s3-elf/11.2.0/include]
  collapse include dir [/home/lagoria/.espressif/tools/xtensa-esp32s3-elf/esp-2022r1-11.2.0/xtensa-esp32s3-elf/bin/../lib/gcc/xtensa-esp32s3-elf/11.2.0/include-fixed] ==> [/home/lagoria/.espressif/tools/xtensa-esp32s3-elf/esp-2022r1-11.2.0/xtensa-esp32s3-elf/lib/gcc/xtensa-esp32s3-elf/11.2.0/include-fixed]
  collapse include dir [/home/lagoria/.espressif/tools/xtensa-esp32s3-elf/esp-2022r1-11.2.0/xtensa-esp32s3-elf/bin/../lib/gcc/xtensa-esp32s3-elf/11.2.0/../../../../xtensa-esp32s3-elf/sys-include] ==> [/home/lagoria/.espressif/tools/xtensa-esp32s3-elf/esp-2022r1-11.2.0/xtensa-esp32s3-elf/xtensa-esp32s3-elf/sys-include]
  collapse include dir [/home/lagoria/.espressif/tools/xtensa-esp32s3-elf/esp-2022r1-11.2.0/xtensa-esp32s3-elf/bin/../lib/gcc/xtensa-esp32s3-elf/11.2.0/../../../../xtensa-esp32s3-elf/include] ==> [/home/lagoria/.espressif/tools/xtensa-esp32s3-elf/esp-2022r1-11.2.0/xtensa-esp32s3-elf/xtensa-esp32s3-elf/include]
  implicit include dirs: [/home/lagoria/.espressif/tools/xtensa-esp32s3-elf/esp-2022r1-11.2.0/xtensa-esp32s3-elf/xtensa-esp32s3-elf/include/c++/11.2.0;/home/lagoria/.espressif/tools/xtensa-esp32s3-elf/esp-2022r1-11.2.0/xtensa-esp32s3-elf/xtensa-esp32s3-elf/include/c++/11.2.0/xtensa-esp32s3-elf;/home/lagoria/.espressif/tools/xtensa-esp32s3-elf/esp-2022r1-11.2.0/xtensa-esp32s3-elf/xtensa-esp32s3-elf/include/c++/11.2.0/backward;/home/lagoria/.espressif/tools/xtensa-esp32s3-elf/esp-2022r1-11.2.0/xtensa-esp32s3-elf/lib/gcc/xtensa-esp32s3-elf/11.2.0/include;/home/lagoria/.espressif/tools/xtensa-esp32s3-elf/esp-2022r1-11.2.0/xtensa-esp32s3-elf/lib/gcc/xtensa-esp32s3-elf/11.2.0/include-fixed;/home/lagoria/.espressif/tools/xtensa-esp32s3-elf/esp-2022r1-11.2.0/xtensa-esp32s3-elf/xtensa-esp32s3-elf/sys-include;/home/lagoria/.espressif/tools/xtensa-esp32s3-elf/esp-2022r1-11.2.0/xtensa-esp32s3-elf/xtensa-esp32s3-elf/include]


Parsed CXX implicit link information from above output:
  link line regex: [^( *|.*[/\])(xtensa-esp32s3-elf-ld|CMAKE_LINK_STARTFILE-NOTFOUND|([^/\]+-)?ld|collect2)[^/\]*( |$)]
  ignore line: [Change Dir: /home/lagoria/workspace/esp/project/esp32s3/master/build/bootloader/CMakeFiles/CMakeTmp]
  ignore line: []
  ignore line: [Run Build Command(s):/usr/bin/ninja cmTC_47b85 && [1/2] Building CXX object CMakeFiles/cmTC_47b85.dir/CMakeCXXCompilerABI.cpp.obj]
  ignore line: [Using built-in specs.]
  ignore line: [COLLECT_GCC=/home/lagoria/.espressif/tools/xtensa-esp32s3-elf/esp-2022r1-11.2.0/xtensa-esp32s3-elf/bin/xtensa-esp32s3-elf-g++]
  ignore line: [Target: xtensa-esp32s3-elf]
  ignore line: [Configured with: /builds/idf/crosstool-NG/.build/HOST-aarch64-linux-gnu/xtensa-esp32s3-elf/src/gcc/configure --build=x86_64-build_pc-linux-gnu --host=aarch64-host_unknown-linux-gnu --target=xtensa-esp32s3-elf --prefix=/builds/idf/crosstool-NG/builds/xtensa-esp32s3-elf --exec_prefix=/builds/idf/crosstool-NG/builds/xtensa-esp32s3-elf --with-local-prefix=/builds/idf/crosstool-NG/builds/xtensa-esp32s3-elf/xtensa-esp32s3-elf --with-headers=/builds/idf/crosstool-NG/builds/xtensa-esp32s3-elf/xtensa-esp32s3-elf/include --with-newlib --enable-threads=no --disable-shared --with-pkgversion='crosstool-NG esp-2022r1' --disable-__cxa_atexit --enable-cxx-flags=-ffunction-sections --disable-libgomp --disable-libmudflap --disable-libmpx --disable-libssp --disable-libquadmath --disable-libquadmath-support --disable-libstdcxx-verbose --with-gmp=/builds/idf/crosstool-NG/.build/HOST-aarch64-linux-gnu/xtensa-esp32s3-elf/buildtools/complibs-host --with-mpfr=/builds/idf/crosstool-NG/.build/HOST-aarch64-linux-gnu/xtensa-esp32s3-elf/buildtools/complibs-host --with-mpc=/builds/idf/crosstool-NG/.build/HOST-aarch64-linux-gnu/xtensa-esp32s3-elf/buildtools/complibs-host --with-isl=/builds/idf/crosstool-NG/.build/HOST-aarch64-linux-gnu/xtensa-esp32s3-elf/buildtools/complibs-host --enable-lto --enable-target-optspace --without-long-double-128 --disable-nls --enable-multiarch --enable-languages=c c++ --disable-libstdcxx-verbose --enable-threads=posix --enable-gcov-custom-rtio --enable-libstdcxx-time=yes]
  ignore line: [Thread model: posix]
  ignore line: [Supported LTO compression algorithms: zlib]
  ignore line: [gcc version 11.2.0 (crosstool-NG esp-2022r1) ]
  ignore line: [COLLECT_GCC_OPTIONS='-mlongcalls' '-v' '-o' 'CMakeFiles/cmTC_47b85.dir/CMakeCXXCompilerABI.cpp.obj' '-c' '-dumpdir' 'CMakeFiles/cmTC_47b85.dir/']
  ignore line: [ /home/lagoria/.espressif/tools/xtensa-esp32s3-elf/esp-2022r1-11.2.0/xtensa-esp32s3-elf/bin/../libexec/gcc/xtensa-esp32s3-elf/11.2.0/cc1plus -quiet -v -iprefix /home/lagoria/.espressif/tools/xtensa-esp32s3-elf/esp-2022r1-11.2.0/xtensa-esp32s3-elf/bin/../lib/gcc/xtensa-esp32s3-elf/11.2.0/ /usr/share/cmake-3.22/Modules/CMakeCXXCompilerABI.cpp -quiet -dumpdir CMakeFiles/cmTC_47b85.dir/ -dumpbase CMakeCXXCompilerABI.cpp.cpp -dumpbase-ext .cpp -mlongcalls -version -o /tmp/ccLGhKI1.s]
  ignore line: [GNU C++17 (crosstool-NG esp-2022r1) version 11.2.0 (xtensa-esp32s3-elf)]
  ignore line: [	compiled by GNU C version 6.3.0 20170516  GMP version 6.2.1  MPFR version 4.1.0  MPC version 1.2.1  isl version isl-0.24-GMP]
  ignore line: []
  ignore line: [GGC heuristics: --param ggc-min-expand=100 --param ggc-min-heapsize=131072]
  ignore line: [ignoring duplicate directory "/home/lagoria/.espressif/tools/xtensa-esp32s3-elf/esp-2022r1-11.2.0/xtensa-esp32s3-elf/bin/../lib/gcc/../../lib/gcc/xtensa-esp32s3-elf/11.2.0/../../../../xtensa-esp32s3-elf/include/c++/11.2.0"]
  ignore line: [ignoring duplicate directory "/home/lagoria/.espressif/tools/xtensa-esp32s3-elf/esp-2022r1-11.2.0/xtensa-esp32s3-elf/bin/../lib/gcc/../../lib/gcc/xtensa-esp32s3-elf/11.2.0/../../../../xtensa-esp32s3-elf/include/c++/11.2.0/xtensa-esp32s3-elf"]
  ignore line: [ignoring duplicate directory "/home/lagoria/.espressif/tools/xtensa-esp32s3-elf/esp-2022r1-11.2.0/xtensa-esp32s3-elf/bin/../lib/gcc/../../lib/gcc/xtensa-esp32s3-elf/11.2.0/../../../../xtensa-esp32s3-elf/include/c++/11.2.0/backward"]
  ignore line: [ignoring duplicate directory "/home/lagoria/.espressif/tools/xtensa-esp32s3-elf/esp-2022r1-11.2.0/xtensa-esp32s3-elf/bin/../lib/gcc/../../lib/gcc/xtensa-esp32s3-elf/11.2.0/include"]
  ignore line: [ignoring duplicate directory "/home/lagoria/.espressif/tools/xtensa-esp32s3-elf/esp-2022r1-11.2.0/xtensa-esp32s3-elf/bin/../lib/gcc/../../lib/gcc/xtensa-esp32s3-elf/11.2.0/include-fixed"]
  ignore line: [ignoring duplicate directory "/home/lagoria/.espressif/tools/xtensa-esp32s3-elf/esp-2022r1-11.2.0/xtensa-esp32s3-elf/bin/../lib/gcc/../../lib/gcc/xtensa-esp32s3-elf/11.2.0/../../../../xtensa-esp32s3-elf/sys-include"]
  ignore line: [ignoring duplicate directory "/home/lagoria/.espressif/tools/xtensa-esp32s3-elf/esp-2022r1-11.2.0/xtensa-esp32s3-elf/bin/../lib/gcc/../../lib/gcc/xtensa-esp32s3-elf/11.2.0/../../../../xtensa-esp32s3-elf/include"]
  ignore line: [#include "..." search starts here:]
  ignore line: [#include <...> search starts here:]
  ignore line: [ /home/lagoria/.espressif/tools/xtensa-esp32s3-elf/esp-2022r1-11.2.0/xtensa-esp32s3-elf/bin/../lib/gcc/xtensa-esp32s3-elf/11.2.0/../../../../xtensa-esp32s3-elf/include/c++/11.2.0]
  ignore line: [ /home/lagoria/.espressif/tools/xtensa-esp32s3-elf/esp-2022r1-11.2.0/xtensa-esp32s3-elf/bin/../lib/gcc/xtensa-esp32s3-elf/11.2.0/../../../../xtensa-esp32s3-elf/include/c++/11.2.0/xtensa-esp32s3-elf]
  ignore line: [ /home/lagoria/.espressif/tools/xtensa-esp32s3-elf/esp-2022r1-11.2.0/xtensa-esp32s3-elf/bin/../lib/gcc/xtensa-esp32s3-elf/11.2.0/../../../../xtensa-esp32s3-elf/include/c++/11.2.0/backward]
  ignore line: [ /home/lagoria/.espressif/tools/xtensa-esp32s3-elf/esp-2022r1-11.2.0/xtensa-esp32s3-elf/bin/../lib/gcc/xtensa-esp32s3-elf/11.2.0/include]
  ignore line: [ /home/lagoria/.espressif/tools/xtensa-esp32s3-elf/esp-2022r1-11.2.0/xtensa-esp32s3-elf/bin/../lib/gcc/xtensa-esp32s3-elf/11.2.0/include-fixed]
  ignore line: [ /home/lagoria/.espressif/tools/xtensa-esp32s3-elf/esp-2022r1-11.2.0/xtensa-esp32s3-elf/bin/../lib/gcc/xtensa-esp32s3-elf/11.2.0/../../../../xtensa-esp32s3-elf/sys-include]
  ignore line: [ /home/lagoria/.espressif/tools/xtensa-esp32s3-elf/esp-2022r1-11.2.0/xtensa-esp32s3-elf/bin/../lib/gcc/xtensa-esp32s3-elf/11.2.0/../../../../xtensa-esp32s3-elf/include]
  ignore line: [End of search list.]
  ignore line: [GNU C++17 (crosstool-NG esp-2022r1) version 11.2.0 (xtensa-esp32s3-elf)]
  ignore line: [	compiled by GNU C version 6.3.0 20170516  GMP version 6.2.1  MPFR version 4.1.0  MPC version 1.2.1  isl version isl-0.24-GMP]
  ignore line: []
  ignore line: [GGC heuristics: --param ggc-min-expand=100 --param ggc-min-heapsize=131072]
  ignore line: [Compiler executable checksum: 382b6248cc8c3ecc2e8fd85470706ba7]
  ignore line: [COLLECT_GCC_OPTIONS='-mlongcalls' '-v' '-o' 'CMakeFiles/cmTC_47b85.dir/CMakeCXXCompilerABI.cpp.obj' '-c' '-dumpdir' 'CMakeFiles/cmTC_47b85.dir/']
  ignore line: [ /home/lagoria/.espressif/tools/xtensa-esp32s3-elf/esp-2022r1-11.2.0/xtensa-esp32s3-elf/bin/../lib/gcc/xtensa-esp32s3-elf/11.2.0/../../../../xtensa-esp32s3-elf/bin/as --traditional-format --longcalls -o CMakeFiles/cmTC_47b85.dir/CMakeCXXCompilerABI.cpp.obj /tmp/ccLGhKI1.s]
  ignore line: [COMPILER_PATH=/home/lagoria/.espressif/tools/xtensa-esp32s3-elf/esp-2022r1-11.2.0/xtensa-esp32s3-elf/bin/../libexec/gcc/xtensa-esp32s3-elf/11.2.0/:/home/lagoria/.espressif/tools/xtensa-esp32s3-elf/esp-2022r1-11.2.0/xtensa-esp32s3-elf/bin/../libexec/gcc/:/home/lagoria/.espressif/tools/xtensa-esp32s3-elf/esp-2022r1-11.2.0/xtensa-esp32s3-elf/bin/../lib/gcc/xtensa-esp32s3-elf/11.2.0/../../../../xtensa-esp32s3-elf/bin/]
  ignore line: [LIBRARY_PATH=/home/lagoria/.espressif/tools/xtensa-esp32s3-elf/esp-2022r1-11.2.0/xtensa-esp32s3-elf/bin/../lib/gcc/xtensa-esp32s3-elf/11.2.0/:/home/lagoria/.espressif/tools/xtensa-esp32s3-elf/esp-2022r1-11.2.0/xtensa-esp32s3-elf/bin/../lib/gcc/:/home/lagoria/.espressif/tools/xtensa-esp32s3-elf/esp-2022r1-11.2.0/xtensa-esp32s3-elf/bin/../lib/gcc/xtensa-esp32s3-elf/11.2.0/../../../../xtensa-esp32s3-elf/lib/]
  ignore line: [COLLECT_GCC_OPTIONS='-mlongcalls' '-v' '-o' 'CMakeFiles/cmTC_47b85.dir/CMakeCXXCompilerABI.cpp.obj' '-c' '-dumpdir' 'CMakeFiles/cmTC_47b85.dir/CMakeCXXCompilerABI.cpp.']
  ignore line: [[2/2] Linking CXX executable cmTC_47b85]
  ignore line: [Using built-in specs.]
  ignore line: [COLLECT_GCC=/home/lagoria/.espressif/tools/xtensa-esp32s3-elf/esp-2022r1-11.2.0/xtensa-esp32s3-elf/bin/xtensa-esp32s3-elf-g++]
  ignore line: [COLLECT_LTO_WRAPPER=/home/lagoria/.espressif/tools/xtensa-esp32s3-elf/esp-2022r1-11.2.0/xtensa-esp32s3-elf/bin/../libexec/gcc/xtensa-esp32s3-elf/11.2.0/lto-wrapper]
  ignore line: [Target: xtensa-esp32s3-elf]
  ignore line: [Configured with: /builds/idf/crosstool-NG/.build/HOST-aarch64-linux-gnu/xtensa-esp32s3-elf/src/gcc/configure --build=x86_64-build_pc-linux-gnu --host=aarch64-host_unknown-linux-gnu --target=xtensa-esp32s3-elf --prefix=/builds/idf/crosstool-NG/builds/xtensa-esp32s3-elf --exec_prefix=/builds/idf/crosstool-NG/builds/xtensa-esp32s3-elf --with-local-prefix=/builds/idf/crosstool-NG/builds/xtensa-esp32s3-elf/xtensa-esp32s3-elf --with-headers=/builds/idf/crosstool-NG/builds/xtensa-esp32s3-elf/xtensa-esp32s3-elf/include --with-newlib --enable-threads=no --disable-shared --with-pkgversion='crosstool-NG esp-2022r1' --disable-__cxa_atexit --enable-cxx-flags=-ffunction-sections --disable-libgomp --disable-libmudflap --disable-libmpx --disable-libssp --disable-libquadmath --disable-libquadmath-support --disable-libstdcxx-verbose --with-gmp=/builds/idf/crosstool-NG/.build/HOST-aarch64-linux-gnu/xtensa-esp32s3-elf/buildtools/complibs-host --with-mpfr=/builds/idf/crosstool-NG/.build/HOST-aarch64-linux-gnu/xtensa-esp32s3-elf/buildtools/complibs-host --with-mpc=/builds/idf/crosstool-NG/.build/HOST-aarch64-linux-gnu/xtensa-esp32s3-elf/buildtools/complibs-host --with-isl=/builds/idf/crosstool-NG/.build/HOST-aarch64-linux-gnu/xtensa-esp32s3-elf/buildtools/complibs-host --enable-lto --enable-target-optspace --without-long-double-128 --disable-nls --enable-multiarch --enable-languages=c c++ --disable-libstdcxx-verbose --enable-threads=posix --enable-gcov-custom-rtio --enable-libstdcxx-time=yes]
  ignore line: [Thread model: posix]
  ignore line: [Supported LTO compression algorithms: zlib]
  ignore line: [gcc version 11.2.0 (crosstool-NG esp-2022r1) ]
  ignore line: [COMPILER_PATH=/home/lagoria/.espressif/tools/xtensa-esp32s3-elf/esp-2022r1-11.2.0/xtensa-esp32s3-elf/bin/../libexec/gcc/xtensa-esp32s3-elf/11.2.0/:/home/lagoria/.espressif/tools/xtensa-esp32s3-elf/esp-2022r1-11.2.0/xtensa-esp32s3-elf/bin/../libexec/gcc/:/home/lagoria/.espressif/tools/xtensa-esp32s3-elf/esp-2022r1-11.2.0/xtensa-esp32s3-elf/bin/../lib/gcc/xtensa-esp32s3-elf/11.2.0/../../../../xtensa-esp32s3-elf/bin/]
  ignore line: [LIBRARY_PATH=/home/lagoria/.espressif/tools/xtensa-esp32s3-elf/esp-2022r1-11.2.0/xtensa-esp32s3-elf/bin/../lib/gcc/xtensa-esp32s3-elf/11.2.0/:/home/lagoria/.espressif/tools/xtensa-esp32s3-elf/esp-2022r1-11.2.0/xtensa-esp32s3-elf/bin/../lib/gcc/:/home/lagoria/.espressif/tools/xtensa-esp32s3-elf/esp-2022r1-11.2.0/xtensa-esp32s3-elf/bin/../lib/gcc/xtensa-esp32s3-elf/11.2.0/../../../../xtensa-esp32s3-elf/lib/]
  ignore line: [COLLECT_GCC_OPTIONS='-mlongcalls' '-v' '-o' 'cmTC_47b85' '-dumpdir' 'cmTC_47b85.']
  link line: [ /home/lagoria/.espressif/tools/xtensa-esp32s3-elf/esp-2022r1-11.2.0/xtensa-esp32s3-elf/bin/../libexec/gcc/xtensa-esp32s3-elf/11.2.0/collect2 -plugin /home/lagoria/.espressif/tools/xtensa-esp32s3-elf/esp-2022r1-11.2.0/xtensa-esp32s3-elf/bin/../libexec/gcc/xtensa-esp32s3-elf/11.2.0/liblto_plugin.so -plugin-opt=/home/lagoria/.espressif/tools/xtensa-esp32s3-elf/esp-2022r1-11.2.0/xtensa-esp32s3-elf/bin/../libexec/gcc/xtensa-esp32s3-elf/11.2.0/lto-wrapper -plugin-opt=-fresolution=/tmp/cc86xgB1.res -plugin-opt=-pass-through=-lgcc -plugin-opt=-pass-through=-lc -plugin-opt=-pass-through=-lnosys -plugin-opt=-pass-through=-lc -plugin-opt=-pass-through=-lgcc -o cmTC_47b85 /home/lagoria/.espressif/tools/xtensa-esp32s3-elf/esp-2022r1-11.2.0/xtensa-esp32s3-elf/bin/../lib/gcc/xtensa-esp32s3-elf/11.2.0/../../../../xtensa-esp32s3-elf/lib/crt0.o /home/lagoria/.espressif/tools/xtensa-esp32s3-elf/esp-2022r1-11.2.0/xtensa-esp32s3-elf/bin/../lib/gcc/xtensa-esp32s3-elf/11.2.0/crti.o /home/lagoria/.espressif/tools/xtensa-esp32s3-elf/esp-2022r1-11.2.0/xtensa-esp32s3-elf/bin/../lib/gcc/xtensa-esp32s3-elf/11.2.0/crtbegin.o -L/home/lagoria/.espressif/tools/xtensa-esp32s3-elf/esp-2022r1-11.2.0/xtensa-esp32s3-elf/bin/../lib/gcc/xtensa-esp32s3-elf/11.2.0 -L/home/lagoria/.espressif/tools/xtensa-esp32s3-elf/esp-2022r1-11.2.0/xtensa-esp32s3-elf/bin/../lib/gcc -L/home/lagoria/.espressif/tools/xtensa-esp32s3-elf/esp-2022r1-11.2.0/xtensa-esp32s3-elf/bin/../lib/gcc/xtensa-esp32s3-elf/11.2.0/../../../../xtensa-esp32s3-elf/lib CMakeFiles/cmTC_47b85.dir/CMakeCXXCompilerABI.cpp.obj -lstdc++ -lm -lgcc -lc -lnosys -lc -lgcc /home/lagoria/.espressif/tools/xtensa-esp32s3-elf/esp-2022r1-11.2.0/xtensa-esp32s3-elf/bin/../lib/gcc/xtensa-esp32s3-elf/11.2.0/crtend.o /home/lagoria/.espressif/tools/xtensa-esp32s3-elf/esp-2022r1-11.2.0/xtensa-esp32s3-elf/bin/../lib/gcc/xtensa-esp32s3-elf/11.2.0/crtn.o]
    arg [/home/lagoria/.espressif/tools/xtensa-esp32s3-elf/esp-2022r1-11.2.0/xtensa-esp32s3-elf/bin/../libexec/gcc/xtensa-esp32s3-elf/11.2.0/collect2] ==> ignore
    arg [-plugin] ==> ignore
    arg [/home/lagoria/.espressif/tools/xtensa-esp32s3-elf/esp-2022r1-11.2.0/xtensa-esp32s3-elf/bin/../libexec/gcc/xtensa-esp32s3-elf/11.2.0/liblto_plugin.so] ==> ignore
    arg [-plugin-opt=/home/lagoria/.espressif/tools/xtensa-esp32s3-elf/esp-2022r1-11.2.0/xtensa-esp32s3-elf/bin/../libexec/gcc/xtensa-esp32s3-elf/11.2.0/lto-wrapper] ==> ignore
    arg [-plugin-opt=-fresolution=/tmp/cc86xgB1.res] ==> ignore
    arg [-plugin-opt=-pass-through=-lgcc] ==> ignore
    arg [-plugin-opt=-pass-through=-lc] ==> ignore
    arg [-plugin-opt=-pass-through=-lnosys] ==> ignore
    arg [-plugin-opt=-pass-through=-lc] ==> ignore
    arg [-plugin-opt=-pass-through=-lgcc] ==> ignore
    arg [-o] ==> ignore
    arg [cmTC_47b85] ==> ignore
    arg [/home/lagoria/.espressif/tools/xtensa-esp32s3-elf/esp-2022r1-11.2.0/xtensa-esp32s3-elf/bin/../lib/gcc/xtensa-esp32s3-elf/11.2.0/../../../../xtensa-esp32s3-elf/lib/crt0.o] ==> obj [/home/lagoria/.espressif/tools/xtensa-esp32s3-elf/esp-2022r1-11.2.0/xtensa-esp32s3-elf/bin/../lib/gcc/xtensa-esp32s3-elf/11.2.0/../../../../xtensa-esp32s3-elf/lib/crt0.o]
    arg [/home/lagoria/.espressif/tools/xtensa-esp32s3-elf/esp-2022r1-11.2.0/xtensa-esp32s3-elf/bin/../lib/gcc/xtensa-esp32s3-elf/11.2.0/crti.o] ==> obj [/home/lagoria/.espressif/tools/xtensa-esp32s3-elf/esp-2022r1-11.2.0/xtensa-esp32s3-elf/bin/../lib/gcc/xtensa-esp32s3-elf/11.2.0/crti.o]
    arg [/home/lagoria/.espressif/tools/xtensa-esp32s3-elf/esp-2022r1-11.2.0/xtensa-esp32s3-elf/bin/../lib/gcc/xtensa-esp32s3-elf/11.2.0/crtbegin.o] ==> obj [/home/lagoria/.espressif/tools/xtensa-esp32s3-elf/esp-2022r1-11.2.0/xtensa-esp32s3-elf/bin/../lib/gcc/xtensa-esp32s3-elf/11.2.0/crtbegin.o]
    arg [-L/home/lagoria/.espressif/tools/xtensa-esp32s3-elf/esp-2022r1-11.2.0/xtensa-esp32s3-elf/bin/../lib/gcc/xtensa-esp32s3-elf/11.2.0] ==> dir [/home/lagoria/.espressif/tools/xtensa-esp32s3-elf/esp-2022r1-11.2.0/xtensa-esp32s3-elf/bin/../lib/gcc/xtensa-esp32s3-elf/11.2.0]
    arg [-L/home/lagoria/.espressif/tools/xtensa-esp32s3-elf/esp-2022r1-11.2.0/xtensa-esp32s3-elf/bin/../lib/gcc] ==> dir [/home/lagoria/.espressif/tools/xtensa-esp32s3-elf/esp-2022r1-11.2.0/xtensa-esp32s3-elf/bin/../lib/gcc]
    arg [-L/home/lagoria/.espressif/tools/xtensa-esp32s3-elf/esp-2022r1-11.2.0/xtensa-esp32s3-elf/bin/../lib/gcc/xtensa-esp32s3-elf/11.2.0/../../../../xtensa-esp32s3-elf/lib] ==> dir [/home/lagoria/.espressif/tools/xtensa-esp32s3-elf/esp-2022r1-11.2.0/xtensa-esp32s3-elf/bin/../lib/gcc/xtensa-esp32s3-elf/11.2.0/../../../../xtensa-esp32s3-elf/lib]
    arg [CMakeFiles/cmTC_47b85.dir/CMakeCXXCompilerABI.cpp.obj] ==> ignore
    arg [-lstdc++] ==> lib [stdc++]
    arg [-lm] ==> lib [m]
    arg [-lgcc] ==> lib [gcc]
    arg [-lc] ==> lib [c]
    arg [-lnosys] ==> lib [nosys]
    arg [-lc] ==> lib [c]
    arg [-lgcc] ==> lib [gcc]
    arg [/home/lagoria/.espressif/tools/xtensa-esp32s3-elf/esp-2022r1-11.2.0/xtensa-esp32s3-elf/bin/../lib/gcc/xtensa-esp32s3-elf/11.2.0/crtend.o] ==> obj [/home/lagoria/.espressif/tools/xtensa-esp32s3-elf/esp-2022r1-11.2.0/xtensa-esp32s3-elf/bin/../lib/gcc/xtensa-esp32s3-elf/11.2.0/crtend.o]
    arg [/home/lagoria/.espressif/tools/xtensa-esp32s3-elf/esp-2022r1-11.2.0/xtensa-esp32s3-elf/bin/../lib/gcc/xtensa-esp32s3-elf/11.2.0/crtn.o] ==> obj [/home/lagoria/.espressif/tools/xtensa-esp32s3-elf/esp-2022r1-11.2.0/xtensa-esp32s3-elf/bin/../lib/gcc/xtensa-esp32s3-elf/11.2.0/crtn.o]
  collapse obj [/home/lagoria/.espressif/tools/xtensa-esp32s3-elf/esp-2022r1-11.2.0/xtensa-esp32s3-elf/bin/../lib/gcc/xtensa-esp32s3-elf/11.2.0/../../../../xtensa-esp32s3-elf/lib/crt0.o] ==> [/home/lagoria/.espressif/tools/xtensa-esp32s3-elf/esp-2022r1-11.2.0/xtensa-esp32s3-elf/xtensa-esp32s3-elf/lib/crt0.o]
  collapse obj [/home/lagoria/.espressif/tools/xtensa-esp32s3-elf/esp-2022r1-11.2.0/xtensa-esp32s3-elf/bin/../lib/gcc/xtensa-esp32s3-elf/11.2.0/crti.o] ==> [/home/lagoria/.espressif/tools/xtensa-esp32s3-elf/esp-2022r1-11.2.0/xtensa-esp32s3-elf/lib/gcc/xtensa-esp32s3-elf/11.2.0/crti.o]
  collapse obj [/home/lagoria/.espressif/tools/xtensa-esp32s3-elf/esp-2022r1-11.2.0/xtensa-esp32s3-elf/bin/../lib/gcc/xtensa-esp32s3-elf/11.2.0/crtbegin.o] ==> [/home/lagoria/.espressif/tools/xtensa-esp32s3-elf/esp-2022r1-11.2.0/xtensa-esp32s3-elf/lib/gcc/xtensa-esp32s3-elf/11.2.0/crtbegin.o]
  collapse obj [/home/lagoria/.espressif/tools/xtensa-esp32s3-elf/esp-2022r1-11.2.0/xtensa-esp32s3-elf/bin/../lib/gcc/xtensa-esp32s3-elf/11.2.0/crtend.o] ==> [/home/lagoria/.espressif/tools/xtensa-esp32s3-elf/esp-2022r1-11.2.0/xtensa-esp32s3-elf/lib/gcc/xtensa-esp32s3-elf/11.2.0/crtend.o]
  collapse obj [/home/lagoria/.espressif/tools/xtensa-esp32s3-elf/esp-2022r1-11.2.0/xtensa-esp32s3-elf/bin/../lib/gcc/xtensa-esp32s3-elf/11.2.0/crtn.o] ==> [/home/lagoria/.espressif/tools/xtensa-esp32s3-elf/esp-2022r1-11.2.0/xtensa-esp32s3-elf/lib/gcc/xtensa-esp32s3-elf/11.2.0/crtn.o]
  collapse library dir [/home/lagoria/.espressif/tools/xtensa-esp32s3-elf/esp-2022r1-11.2.0/xtensa-esp32s3-elf/bin/../lib/gcc/xtensa-esp32s3-elf/11.2.0] ==> [/home/lagoria/.espressif/tools/xtensa-esp32s3-elf/esp-2022r1-11.2.0/xtensa-esp32s3-elf/lib/gcc/xtensa-esp32s3-elf/11.2.0]
  collapse library dir [/home/lagoria/.espressif/tools/xtensa-esp32s3-elf/esp-2022r1-11.2.0/xtensa-esp32s3-elf/bin/../lib/gcc] ==> [/home/lagoria/.espressif/tools/xtensa-esp32s3-elf/esp-2022r1-11.2.0/xtensa-esp32s3-elf/lib/gcc]
  collapse library dir [/home/lagoria/.espressif/tools/xtensa-esp32s3-elf/esp-2022r1-11.2.0/xtensa-esp32s3-elf/bin/../lib/gcc/xtensa-esp32s3-elf/11.2.0/../../../../xtensa-esp32s3-elf/lib] ==> [/home/lagoria/.espressif/tools/xtensa-esp32s3-elf/esp-2022r1-11.2.0/xtensa-esp32s3-elf/xtensa-esp32s3-elf/lib]
  implicit libs: [stdc++;m;gcc;c;nosys;c;gcc]
  implicit objs: [/home/lagoria/.espressif/tools/xtensa-esp32s3-elf/esp-2022r1-11.2.0/xtensa-esp32s3-elf/xtensa-esp32s3-elf/lib/crt0.o;/home/lagoria/.espressif/tools/xtensa-esp32s3-elf/esp-2022r1-11.2.0/xtensa-esp32s3-elf/lib/gcc/xtensa-esp32s3-elf/11.2.0/crti.o;/home/lagoria/.espressif/tools/xtensa-esp32s3-elf/esp-2022r1-11.2.0/xtensa-esp32s3-elf/lib/gcc/xtensa-esp32s3-elf/11.2.0/crtbegin.o;/home/lagoria/.espressif/tools/xtensa-esp32s3-elf/esp-2022r1-11.2.0/xtensa-esp32s3-elf/lib/gcc/xtensa-esp32s3-elf/11.2.0/crtend.o;/home/lagoria/.espressif/tools/xtensa-esp32s3-elf/esp-2022r1-11.2.0/xtensa-esp32s3-elf/lib/gcc/xtensa-esp32s3-elf/11.2.0/crtn.o]
  implicit dirs: [/home/lagoria/.espressif/tools/xtensa-esp32s3-elf/esp-2022r1-11.2.0/xtensa-esp32s3-elf/lib/gcc/xtensa-esp32s3-elf/11.2.0;/home/lagoria/.espressif/tools/xtensa-esp32s3-elf/esp-2022r1-11.2.0/xtensa-esp32s3-elf/lib/gcc;/home/lagoria/.espressif/tools/xtensa-esp32s3-elf/esp-2022r1-11.2.0/xtensa-esp32s3-elf/xtensa-esp32s3-elf/lib]
  implicit fwks: []


Determining if the include file sys/types.h exists passed with the following output:
Change Dir: /home/lagoria/workspace/esp/project/esp32s3/master/build/bootloader/CMakeFiles/CMakeTmp

Run Build Command(s):/usr/bin/ninja cmTC_9d447 && [1/2] Building C object CMakeFiles/cmTC_9d447.dir/CheckIncludeFile.c.obj
[2/2] Linking C executable cmTC_9d447



Determining if the include file stdint.h exists passed with the following output:
Change Dir: /home/lagoria/workspace/esp/project/esp32s3/master/build/bootloader/CMakeFiles/CMakeTmp

Run Build Command(s):/usr/bin/ninja cmTC_5cfa4 && [1/2] Building C object CMakeFiles/cmTC_5cfa4.dir/CheckIncludeFile.c.obj
[2/2] Linking C executable cmTC_5cfa4



Determining if the include file stddef.h exists passed with the following output:
Change Dir: /home/lagoria/workspace/esp/project/esp32s3/master/build/bootloader/CMakeFiles/CMakeTmp

Run Build Command(s):/usr/bin/ninja cmTC_78c52 && [1/2] Building C object CMakeFiles/cmTC_78c52.dir/CheckIncludeFile.c.obj
[2/2] Linking C executable cmTC_78c52



Determining size of time_t passed with the following output:
Change Dir: /home/lagoria/workspace/esp/project/esp32s3/master/build/bootloader/CMakeFiles/CMakeTmp

Run Build Command(s):/usr/bin/ninja cmTC_f491d && [1/2] Building C object CMakeFiles/cmTC_f491d.dir/TIME_T_SIZE.c.obj
[2/2] Linking C executable cmTC_f491d



